[ 2014-12-22T09:07:07+08:00 ] 127.0.0.1 /ecloud_admin/WebRoot/index.php/VM/add_vm_ip
INFO: [ app_begin ] --START--
INFO: ReadHtmlCache Behavior ::run [ RunTime:0.000341s ]
INFO: [ app_begin ] --END-- [ RunTime:0.000404s ]
NOTIC: [8] A session had already been started - ignoring session_start() /var/www/ecloud_admin/WebRoot/ThinkPHP/Common/functions.php 第 566 行.
INFO: [ view_parse ] --START--
NOTIC: [8] Undefined variable: ipsnow /var/www/ecloud_admin/WebRoot/Home/Runtime/Cache/ee231951b95aac2dc051b7d847f5b0b7.php 第 21 行.
NOTIC: [8] Undefined variable: data /var/www/ecloud_admin/WebRoot/Home/Runtime/Cache/ee231951b95aac2dc051b7d847f5b0b7.php 第 40 行.
NOTIC: [8] Undefined variable: errorMsg /var/www/ecloud_admin/WebRoot/Home/Runtime/Cache/ee231951b95aac2dc051b7d847f5b0b7.php 第 46 行.
NOTIC: [8] Undefined variable: data /var/www/ecloud_admin/WebRoot/Home/Runtime/Cache/ee231951b95aac2dc051b7d847f5b0b7.php 第 52 行.
NOTIC: [8] Undefined variable: ips /var/www/ecloud_admin/WebRoot/Home/Runtime/Cache/ee231951b95aac2dc051b7d847f5b0b7.php 第 59 行.
INFO: ParseTemplate Behavior ::run [ RunTime:0.004220s ]
INFO: [ view_parse ] --END-- [ RunTime:0.004267s ]
INFO: [ view_filter ] --START--
INFO: ContentReplace Behavior ::run [ RunTime:0.000140s ]
INFO: TokenBuild Behavior ::run [ RunTime:0.000130s ]
INFO: WriteHtmlCache Behavior ::run [ RunTime:0.000072s ]
INFO: ShowRuntime Behavior ::run [ RunTime:0.000146s ]
INFO: [ view_filter ] --END-- [ RunTime:0.000565s ]
INFO: [ view_end ] --START--
INFO: ShowPageTrace Behavior ::run [ RunTime:0.000214s ]
INFO: [ view_end ] --END-- [ RunTime:0.000242s ]

[ 2014-12-22T09:08:28+08:00 ] 127.0.0.1 /ecloud_admin/WebRoot/index.php/VM/add_vm_ip
INFO: [ app_begin ] --START--
INFO: ReadHtmlCache Behavior ::run [ RunTime:0.000240s ]
INFO: [ app_begin ] --END-- [ RunTime:0.000284s ]
NOTIC: [8] A session had already been started - ignoring session_start() /var/www/ecloud_admin/WebRoot/ThinkPHP/Common/functions.php 第 566 行.
INFO: [ view_parse ] --START--
NOTIC: [8] Undefined variable: ipsnow /var/www/ecloud_admin/WebRoot/Home/Runtime/Cache/ee231951b95aac2dc051b7d847f5b0b7.php 第 21 行.
NOTIC: [8] Undefined variable: data /var/www/ecloud_admin/WebRoot/Home/Runtime/Cache/ee231951b95aac2dc051b7d847f5b0b7.php 第 40 行.
NOTIC: [8] Undefined variable: errorMsg /var/www/ecloud_admin/WebRoot/Home/Runtime/Cache/ee231951b95aac2dc051b7d847f5b0b7.php 第 46 行.
NOTIC: [8] Undefined variable: data /var/www/ecloud_admin/WebRoot/Home/Runtime/Cache/ee231951b95aac2dc051b7d847f5b0b7.php 第 52 行.
NOTIC: [8] Undefined variable: ips /var/www/ecloud_admin/WebRoot/Home/Runtime/Cache/ee231951b95aac2dc051b7d847f5b0b7.php 第 59 行.
INFO: ParseTemplate Behavior ::run [ RunTime:0.005941s ]
INFO: [ view_parse ] --END-- [ RunTime:0.005993s ]
INFO: [ view_filter ] --START--
INFO: ContentReplace Behavior ::run [ RunTime:0.000187s ]
INFO: TokenBuild Behavior ::run [ RunTime:0.000140s ]
INFO: WriteHtmlCache Behavior ::run [ RunTime:0.000078s ]
INFO: ShowRuntime Behavior ::run [ RunTime:0.000154s ]
INFO: [ view_filter ] --END-- [ RunTime:0.000650s ]
INFO: [ view_end ] --START--
INFO: ShowPageTrace Behavior ::run [ RunTime:0.000264s ]
INFO: [ view_end ] --END-- [ RunTime:0.000296s ]

[ 2014-12-22T09:08:56+08:00 ] 127.0.0.1 /ecloud_admin/WebRoot/index.php/VM/add_vm_ip
INFO: [ app_begin ] --START--
INFO: ReadHtmlCache Behavior ::run [ RunTime:0.000427s ]
INFO: [ app_begin ] --END-- [ RunTime:0.000512s ]
NOTIC: [8] A session had already been started - ignoring session_start() /var/www/ecloud_admin/WebRoot/ThinkPHP/Common/functions.php 第 566 行.
INFO: [ view_parse ] --START--
NOTIC: [8] Undefined variable: ipsnow /var/www/ecloud_admin/WebRoot/Home/Runtime/Cache/ee231951b95aac2dc051b7d847f5b0b7.php 第 21 行.
NOTIC: [8] Undefined variable: data /var/www/ecloud_admin/WebRoot/Home/Runtime/Cache/ee231951b95aac2dc051b7d847f5b0b7.php 第 40 行.
NOTIC: [8] Undefined variable: errorMsg /var/www/ecloud_admin/WebRoot/Home/Runtime/Cache/ee231951b95aac2dc051b7d847f5b0b7.php 第 46 行.
NOTIC: [8] Undefined variable: data /var/www/ecloud_admin/WebRoot/Home/Runtime/Cache/ee231951b95aac2dc051b7d847f5b0b7.php 第 52 行.
NOTIC: [8] Undefined variable: ips /var/www/ecloud_admin/WebRoot/Home/Runtime/Cache/ee231951b95aac2dc051b7d847f5b0b7.php 第 59 行.
INFO: ParseTemplate Behavior ::run [ RunTime:0.008512s ]
INFO: [ view_parse ] --END-- [ RunTime:0.008597s ]
INFO: [ view_filter ] --START--
INFO: ContentReplace Behavior ::run [ RunTime:0.000280s ]
INFO: TokenBuild Behavior ::run [ RunTime:0.000234s ]
INFO: WriteHtmlCache Behavior ::run [ RunTime:0.000142s ]
INFO: ShowRuntime Behavior ::run [ RunTime:0.000279s ]
INFO: [ view_filter ] --END-- [ RunTime:0.001106s ]
INFO: [ view_end ] --START--
INFO: ShowPageTrace Behavior ::run [ RunTime:0.000391s ]
INFO: [ view_end ] --END-- [ RunTime:0.000451s ]

[ 2014-12-22T09:52:12+08:00 ] 127.0.0.1 /ecloud_admin/WebRoot/index.php/VM/add_vm_ip
INFO: [ app_begin ] --START--
INFO: ReadHtmlCache Behavior ::run [ RunTime:0.000220s ]
INFO: [ app_begin ] --END-- [ RunTime:0.000256s ]
NOTIC: [8] A session had already been started - ignoring session_start() /var/www/ecloud_admin/WebRoot/ThinkPHP/Common/functions.php 第 566 行.
INFO: [ view_parse ] --START--
NOTIC: [8] Undefined variable: ipsnow /var/www/ecloud_admin/WebRoot/Home/Runtime/Cache/ee231951b95aac2dc051b7d847f5b0b7.php 第 21 行.
NOTIC: [8] Undefined variable: data /var/www/ecloud_admin/WebRoot/Home/Runtime/Cache/ee231951b95aac2dc051b7d847f5b0b7.php 第 40 行.
NOTIC: [8] Undefined variable: errorMsg /var/www/ecloud_admin/WebRoot/Home/Runtime/Cache/ee231951b95aac2dc051b7d847f5b0b7.php 第 46 行.
NOTIC: [8] Undefined variable: data /var/www/ecloud_admin/WebRoot/Home/Runtime/Cache/ee231951b95aac2dc051b7d847f5b0b7.php 第 52 行.
NOTIC: [8] Undefined variable: ips /var/www/ecloud_admin/WebRoot/Home/Runtime/Cache/ee231951b95aac2dc051b7d847f5b0b7.php 第 59 行.
INFO: ParseTemplate Behavior ::run [ RunTime:0.004732s ]
INFO: [ view_parse ] --END-- [ RunTime:0.004777s ]
INFO: [ view_filter ] --START--
INFO: ContentReplace Behavior ::run [ RunTime:0.000164s ]
INFO: TokenBuild Behavior ::run [ RunTime:0.000141s ]
INFO: WriteHtmlCache Behavior ::run [ RunTime:0.000076s ]
INFO: ShowRuntime Behavior ::run [ RunTime:0.000181s ]
INFO: [ view_filter ] --END-- [ RunTime:0.000653s ]
INFO: [ view_end ] --START--
INFO: ShowPageTrace Behavior ::run [ RunTime:0.000449s ]
INFO: [ view_end ] --END-- [ RunTime:0.000527s ]

[ 2014-12-22T09:56:05+08:00 ] 127.0.0.1 /ecloud_admin/WebRoot/index.php/VM/add_vm_ip
INFO: [ app_begin ] --START--
INFO: ReadHtmlCache Behavior ::run [ RunTime:0.000350s ]
INFO: [ app_begin ] --END-- [ RunTime:0.000410s ]
NOTIC: [8] A session had already been started - ignoring session_start() /var/www/ecloud_admin/WebRoot/ThinkPHP/Common/functions.php 第 566 行.
INFO: [ view_parse ] --START--
NOTIC: [8] Undefined variable: ipsnow /var/www/ecloud_admin/WebRoot/Home/Runtime/Cache/ee231951b95aac2dc051b7d847f5b0b7.php 第 21 行.
NOTIC: [8] Undefined variable: data /var/www/ecloud_admin/WebRoot/Home/Runtime/Cache/ee231951b95aac2dc051b7d847f5b0b7.php 第 40 行.
NOTIC: [8] Undefined variable: errorMsg /var/www/ecloud_admin/WebRoot/Home/Runtime/Cache/ee231951b95aac2dc051b7d847f5b0b7.php 第 46 行.
NOTIC: [8] Undefined variable: data /var/www/ecloud_admin/WebRoot/Home/Runtime/Cache/ee231951b95aac2dc051b7d847f5b0b7.php 第 52 行.
NOTIC: [8] Undefined variable: ips /var/www/ecloud_admin/WebRoot/Home/Runtime/Cache/ee231951b95aac2dc051b7d847f5b0b7.php 第 59 行.
INFO: ParseTemplate Behavior ::run [ RunTime:0.005360s ]
INFO: [ view_parse ] --END-- [ RunTime:0.005417s ]
INFO: [ view_filter ] --START--
INFO: ContentReplace Behavior ::run [ RunTime:0.000146s ]
INFO: TokenBuild Behavior ::run [ RunTime:0.000129s ]
INFO: WriteHtmlCache Behavior ::run [ RunTime:0.000086s ]
INFO: ShowRuntime Behavior ::run [ RunTime:0.000218s ]
INFO: [ view_filter ] --END-- [ RunTime:0.000669s ]
INFO: [ view_end ] --START--
INFO: ShowPageTrace Behavior ::run [ RunTime:0.000225s ]
INFO: [ view_end ] --END-- [ RunTime:0.000253s ]

