[ 2014-12-17T09:23:05+08:00 ] 192.168.85.251 /ecloud_admin/WebRoot/index.php/Host/get_vps?PoolCode=P-26-001
INFO: [ app_begin ] --START--
INFO: ReadHtmlCache Behavior ::run [ RunTime:0.000306s ]
INFO: [ app_begin ] --END-- [ RunTime:0.000357s ]
NOTIC: [8] A session had already been started - ignoring session_start() /var/www/ecloud_admin/WebRoot/ThinkPHP/Common/functions.php 第 566 行.
SQL: SELECT * FROM `Pool` WHERE ( PoolCode='P-26-001' ) LIMIT 1   [ RunTime:0.008713s ]

[ 2014-12-17T09:23:06+08:00 ] 192.168.85.251 /ecloud_admin/WebRoot/index.php/Host/get_vps?PoolCode=P-26-001
INFO: [ app_begin ] --START--
INFO: ReadHtmlCache Behavior ::run [ RunTime:0.000309s ]
INFO: [ app_begin ] --END-- [ RunTime:0.000369s ]
NOTIC: [8] A session had already been started - ignoring session_start() /var/www/ecloud_admin/WebRoot/ThinkPHP/Common/functions.php 第 566 行.
SQL: SELECT * FROM `Pool` WHERE ( PoolCode='P-26-001' ) LIMIT 1   [ RunTime:0.010803s ]

[ 2014-12-17T09:29:26+08:00 ] 127.0.0.1 /ecloud_admin/WebRoot/index.php/Host/get_vps?PoolCode=P-26-001
INFO: [ app_begin ] --START--
INFO: ReadHtmlCache Behavior ::run [ RunTime:0.000447s ]
INFO: [ app_begin ] --END-- [ RunTime:0.000525s ]
NOTIC: [8] A session had already been started - ignoring session_start() /var/www/ecloud_admin/WebRoot/ThinkPHP/Common/functions.php 第 566 行.
SQL: SELECT * FROM `Pool` WHERE ( PoolCode='P-26-001' ) LIMIT 1   [ RunTime:0.010331s ]

[ 2014-12-17T09:29:26+08:00 ] 127.0.0.1 /ecloud_admin/WebRoot/index.php/Host/get_vps?PoolCode=P-26-001
INFO: [ app_begin ] --START--
INFO: ReadHtmlCache Behavior ::run [ RunTime:0.000223s ]
INFO: [ app_begin ] --END-- [ RunTime:0.000269s ]
NOTIC: [8] A session had already been started - ignoring session_start() /var/www/ecloud_admin/WebRoot/ThinkPHP/Common/functions.php 第 566 行.
SQL: SELECT * FROM `Pool` WHERE ( PoolCode='P-26-001' ) LIMIT 1   [ RunTime:0.009374s ]

[ 2014-12-17T09:31:49+08:00 ] 127.0.0.1 /ecloud_admin/WebRoot/index.php/Host/get_vps?PoolCode=P-26-001
INFO: [ app_begin ] --START--
INFO: ReadHtmlCache Behavior ::run [ RunTime:0.000260s ]
INFO: [ app_begin ] --END-- [ RunTime:0.000302s ]
NOTIC: [8] A session had already been started - ignoring session_start() /var/www/ecloud_admin/WebRoot/ThinkPHP/Common/functions.php 第 566 行.
SQL: SELECT * FROM `Pool` WHERE ( PoolCode='P-26-001' ) LIMIT 1   [ RunTime:0.009457s ]

[ 2014-12-17T09:31:50+08:00 ] 127.0.0.1 /ecloud_admin/WebRoot/index.php/Host/get_vps?PoolCode=P-26-001
INFO: [ app_begin ] --START--
INFO: ReadHtmlCache Behavior ::run [ RunTime:0.000320s ]
INFO: [ app_begin ] --END-- [ RunTime:0.000372s ]
NOTIC: [8] A session had already been started - ignoring session_start() /var/www/ecloud_admin/WebRoot/ThinkPHP/Common/functions.php 第 566 行.
SQL: SELECT * FROM `Pool` WHERE ( PoolCode='P-26-001' ) LIMIT 1   [ RunTime:0.009330s ]

[ 2014-12-17T09:31:52+08:00 ] 127.0.0.1 /ecloud_admin/WebRoot/index.php/Host/get_vps?PoolCode=P-26-001
INFO: [ app_begin ] --START--
INFO: ReadHtmlCache Behavior ::run [ RunTime:0.000386s ]
INFO: [ app_begin ] --END-- [ RunTime:0.000455s ]
NOTIC: [8] A session had already been started - ignoring session_start() /var/www/ecloud_admin/WebRoot/ThinkPHP/Common/functions.php 第 566 行.
SQL: SELECT * FROM `Pool` WHERE ( PoolCode='P-26-001' ) LIMIT 1   [ RunTime:0.010227s ]

[ 2014-12-17T09:39:16+08:00 ] 127.0.0.1 /ecloud_admin/WebRoot/index.php/Host/get_vps?PoolCode=P-26-001
INFO: [ app_begin ] --START--
INFO: ReadHtmlCache Behavior ::run [ RunTime:0.000368s ]
INFO: [ app_begin ] --END-- [ RunTime:0.000431s ]
NOTIC: [8] A session had already been started - ignoring session_start() /var/www/ecloud_admin/WebRoot/ThinkPHP/Common/functions.php 第 566 行.
SQL: SELECT * FROM `Pool` WHERE ( PoolCode='P-26-001' ) LIMIT 1   [ RunTime:0.008143s ]

[ 2014-12-17T09:39:24+08:00 ] 127.0.0.1 /ecloud_admin/WebRoot/index.php/Host/get_vps?PoolCode=P-26-001
INFO: [ app_begin ] --START--
INFO: ReadHtmlCache Behavior ::run [ RunTime:0.000202s ]
INFO: [ app_begin ] --END-- [ RunTime:0.000233s ]
NOTIC: [8] A session had already been started - ignoring session_start() /var/www/ecloud_admin/WebRoot/ThinkPHP/Common/functions.php 第 566 行.
SQL: SELECT * FROM `Pool` WHERE ( PoolCode='P-26-001' ) LIMIT 1   [ RunTime:0.008439s ]

[ 2014-12-17T09:39:26+08:00 ] 127.0.0.1 /ecloud_admin/WebRoot/index.php/Host/get_vps?PoolCode=fewfewqqqqqqqqqq
INFO: [ app_begin ] --START--
INFO: ReadHtmlCache Behavior ::run [ RunTime:0.000327s ]
INFO: [ app_begin ] --END-- [ RunTime:0.000387s ]
NOTIC: [8] A session had already been started - ignoring session_start() /var/www/ecloud_admin/WebRoot/ThinkPHP/Common/functions.php 第 566 行.
SQL: SELECT * FROM `Pool` WHERE ( PoolCode='fewfewqqqqqqqqqq' ) LIMIT 1   [ RunTime:0.008259s ]

[ 2014-12-17T09:39:28+08:00 ] 127.0.0.1 /ecloud_admin/WebRoot/index.php/Host/get_vps?PoolCode=P-26-001
INFO: [ app_begin ] --START--
INFO: ReadHtmlCache Behavior ::run [ RunTime:0.000221s ]
INFO: [ app_begin ] --END-- [ RunTime:0.000258s ]
NOTIC: [8] A session had already been started - ignoring session_start() /var/www/ecloud_admin/WebRoot/ThinkPHP/Common/functions.php 第 566 行.
SQL: SELECT * FROM `Pool` WHERE ( PoolCode='P-26-001' ) LIMIT 1   [ RunTime:0.008304s ]

[ 2014-12-17T09:39:29+08:00 ] 127.0.0.1 /ecloud_admin/WebRoot/index.php/Host/get_vps?PoolCode=fewfewqqqqqqqqqq
INFO: [ app_begin ] --START--
INFO: ReadHtmlCache Behavior ::run [ RunTime:0.000253s ]
INFO: [ app_begin ] --END-- [ RunTime:0.000298s ]
NOTIC: [8] A session had already been started - ignoring session_start() /var/www/ecloud_admin/WebRoot/ThinkPHP/Common/functions.php 第 566 行.
SQL: SELECT * FROM `Pool` WHERE ( PoolCode='fewfewqqqqqqqqqq' ) LIMIT 1   [ RunTime:0.009563s ]

