[ 2014-12-23T09:34:43+08:00 ] 192.168.85.189 /ecloud/control.php
INFO: [ app_begin ] --START--
INFO: ReadHtmlCache Behavior ::run [ RunTime:0.000247s ]
INFO: [ app_begin ] --END-- [ RunTime:0.000308s ]
NOTIC: [8] A session had already been started - ignoring session_start() /opt/lampp/htdocs/ecloud/ThinkPHP/Common/functions.php 第 566 行.
INFO: [ view_parse ] --START--
INFO: ParseTemplate Behavior ::run [ RunTime:0.004317s ]
INFO: [ view_parse ] --END-- [ RunTime:0.004381s ]
INFO: [ view_filter ] --START--
NOTIC: [8] Use of undefined constant APP_TMPL_PATH - assumed 'APP_TMPL_PATH' /opt/lampp/htdocs/ecloud/ThinkPHP/Lib/Behavior/ContentReplaceBehavior.class.php 第 40 行.
NOTIC: [8] Use of undefined constant APP_TMPL_PATH - assumed 'APP_TMPL_PATH' /opt/lampp/htdocs/ecloud/ThinkPHP/Lib/Behavior/ContentReplaceBehavior.class.php 第 47 行.
INFO: ContentReplace Behavior ::run [ RunTime:0.000331s ]
INFO: TokenBuild Behavior ::run [ RunTime:0.000305s ]
INFO: WriteHtmlCache Behavior ::run [ RunTime:0.000096s ]
INFO: ShowRuntime Behavior ::run [ RunTime:0.000188s ]
INFO: [ view_filter ] --END-- [ RunTime:0.001034s ]
INFO: [ view_end ] --START--
INFO: ShowPageTrace Behavior ::run [ RunTime:0.000262s ]
INFO: [ view_end ] --END-- [ RunTime:0.000292s ]

[ 2014-12-23T09:35:20+08:00 ] 192.168.85.189 /ecloud/control.php
INFO: [ app_begin ] --START--
INFO: ReadHtmlCache Behavior ::run [ RunTime:0.000247s ]
INFO: [ app_begin ] --END-- [ RunTime:0.000311s ]
NOTIC: [8] A session had already been started - ignoring session_start() /opt/lampp/htdocs/ecloud/ThinkPHP/Common/functions.php 第 566 行.
INFO: [ view_parse ] --START--
INFO: ParseTemplate Behavior ::run [ RunTime:0.000352s ]
INFO: [ view_parse ] --END-- [ RunTime:0.000400s ]
INFO: [ view_filter ] --START--
NOTIC: [8] Use of undefined constant APP_TMPL_PATH - assumed 'APP_TMPL_PATH' /opt/lampp/htdocs/ecloud/ThinkPHP/Lib/Behavior/ContentReplaceBehavior.class.php 第 40 行.
NOTIC: [8] Use of undefined constant APP_TMPL_PATH - assumed 'APP_TMPL_PATH' /opt/lampp/htdocs/ecloud/ThinkPHP/Lib/Behavior/ContentReplaceBehavior.class.php 第 47 行.
INFO: ContentReplace Behavior ::run [ RunTime:0.000248s ]
INFO: TokenBuild Behavior ::run [ RunTime:0.000139s ]
INFO: WriteHtmlCache Behavior ::run [ RunTime:0.000078s ]
INFO: ShowRuntime Behavior ::run [ RunTime:0.000176s ]
INFO: [ view_filter ] --END-- [ RunTime:0.000721s ]
INFO: [ view_end ] --START--
INFO: ShowPageTrace Behavior ::run [ RunTime:0.000258s ]
INFO: [ view_end ] --END-- [ RunTime:0.000290s ]

[ 2014-12-23T09:35:21+08:00 ] 192.168.85.189 /ecloud/control.php
INFO: [ app_begin ] --START--
INFO: ReadHtmlCache Behavior ::run [ RunTime:0.000246s ]
INFO: [ app_begin ] --END-- [ RunTime:0.000305s ]
NOTIC: [8] A session had already been started - ignoring session_start() /opt/lampp/htdocs/ecloud/ThinkPHP/Common/functions.php 第 566 行.
INFO: [ view_parse ] --START--
INFO: ParseTemplate Behavior ::run [ RunTime:0.000267s ]
INFO: [ view_parse ] --END-- [ RunTime:0.000298s ]
INFO: [ view_filter ] --START--
NOTIC: [8] Use of undefined constant APP_TMPL_PATH - assumed 'APP_TMPL_PATH' /opt/lampp/htdocs/ecloud/ThinkPHP/Lib/Behavior/ContentReplaceBehavior.class.php 第 40 行.
NOTIC: [8] Use of undefined constant APP_TMPL_PATH - assumed 'APP_TMPL_PATH' /opt/lampp/htdocs/ecloud/ThinkPHP/Lib/Behavior/ContentReplaceBehavior.class.php 第 47 行.
INFO: ContentReplace Behavior ::run [ RunTime:0.000137s ]
INFO: TokenBuild Behavior ::run [ RunTime:0.000119s ]
INFO: WriteHtmlCache Behavior ::run [ RunTime:0.000070s ]
INFO: ShowRuntime Behavior ::run [ RunTime:0.000155s ]
INFO: [ view_filter ] --END-- [ RunTime:0.000554s ]
INFO: [ view_end ] --START--
INFO: ShowPageTrace Behavior ::run [ RunTime:0.000230s ]
INFO: [ view_end ] --END-- [ RunTime:0.000256s ]

[ 2014-12-23T09:42:12+08:00 ] 192.168.85.189 /ecloud/control.php
INFO: [ app_begin ] --START--
INFO: ReadHtmlCache Behavior ::run [ RunTime:0.000211s ]
INFO: [ app_begin ] --END-- [ RunTime:0.000263s ]
NOTIC: [8] A session had already been started - ignoring session_start() /opt/lampp/htdocs/ecloud/ThinkPHP/Common/functions.php 第 566 行.
INFO: [ view_parse ] --START--
INFO: ParseTemplate Behavior ::run [ RunTime:0.003949s ]
INFO: [ view_parse ] --END-- [ RunTime:0.004005s ]
INFO: [ view_filter ] --START--
INFO: ContentReplace Behavior ::run [ RunTime:0.000192s ]
INFO: TokenBuild Behavior ::run [ RunTime:0.000142s ]
INFO: WriteHtmlCache Behavior ::run [ RunTime:0.000074s ]
INFO: ShowRuntime Behavior ::run [ RunTime:0.000157s ]
INFO: [ view_filter ] --END-- [ RunTime:0.000641s ]
INFO: [ view_end ] --START--
INFO: ShowPageTrace Behavior ::run [ RunTime:0.000237s ]
INFO: [ view_end ] --END-- [ RunTime:0.000263s ]

[ 2014-12-23T09:42:14+08:00 ] 192.168.85.189 /ecloud/control.php
INFO: [ app_begin ] --START--
INFO: ReadHtmlCache Behavior ::run [ RunTime:0.000469s ]
INFO: [ app_begin ] --END-- [ RunTime:0.000599s ]
NOTIC: [8] A session had already been started - ignoring session_start() /opt/lampp/htdocs/ecloud/ThinkPHP/Common/functions.php 第 566 行.
INFO: [ view_parse ] --START--
INFO: ParseTemplate Behavior ::run [ RunTime:0.008935s ]
INFO: [ view_parse ] --END-- [ RunTime:0.009068s ]
INFO: [ view_filter ] --START--
INFO: ContentReplace Behavior ::run [ RunTime:0.000316s ]
INFO: TokenBuild Behavior ::run [ RunTime:0.000280s ]
INFO: WriteHtmlCache Behavior ::run [ RunTime:0.000156s ]
INFO: ShowRuntime Behavior ::run [ RunTime:0.000337s ]
INFO: [ view_filter ] --END-- [ RunTime:0.001259s ]
INFO: [ view_end ] --START--
INFO: ShowPageTrace Behavior ::run [ RunTime:0.000492s ]
INFO: [ view_end ] --END-- [ RunTime:0.000553s ]

[ 2014-12-23T09:47:31+08:00 ] 192.168.85.189 /ecloud/control.php
INFO: [ app_begin ] --START--
INFO: ReadHtmlCache Behavior ::run [ RunTime:0.000349s ]
INFO: [ app_begin ] --END-- [ RunTime:0.000415s ]
NOTIC: [8] A session had already been started - ignoring session_start() /opt/lampp/htdocs/ecloud/ThinkPHP/Common/functions.php 第 566 行.
INFO: [ view_parse ] --START--
INFO: ParseTemplate Behavior ::run [ RunTime:0.004579s ]
INFO: [ view_parse ] --END-- [ RunTime:0.004647s ]
INFO: [ view_filter ] --START--
INFO: ContentReplace Behavior ::run [ RunTime:0.000210s ]
INFO: TokenBuild Behavior ::run [ RunTime:0.000154s ]
INFO: WriteHtmlCache Behavior ::run [ RunTime:0.000083s ]
INFO: ShowRuntime Behavior ::run [ RunTime:0.000175s ]
INFO: [ view_filter ] --END-- [ RunTime:0.000705s ]
INFO: [ view_end ] --START--
INFO: ShowPageTrace Behavior ::run [ RunTime:0.000263s ]
INFO: [ view_end ] --END-- [ RunTime:0.000291s ]

[ 2014-12-23T09:47:33+08:00 ] 192.168.85.189 /ecloud/control.php
INFO: [ app_begin ] --START--
INFO: ReadHtmlCache Behavior ::run [ RunTime:0.000313s ]
INFO: [ app_begin ] --END-- [ RunTime:0.000406s ]
NOTIC: [8] A session had already been started - ignoring session_start() /opt/lampp/htdocs/ecloud/ThinkPHP/Common/functions.php 第 566 行.
INFO: [ view_parse ] --START--
INFO: ParseTemplate Behavior ::run [ RunTime:0.008640s ]
INFO: [ view_parse ] --END-- [ RunTime:0.008719s ]
INFO: [ view_filter ] --START--
INFO: ContentReplace Behavior ::run [ RunTime:0.000173s ]
INFO: TokenBuild Behavior ::run [ RunTime:0.000147s ]
INFO: WriteHtmlCache Behavior ::run [ RunTime:0.000077s ]
INFO: ShowRuntime Behavior ::run [ RunTime:0.000167s ]
INFO: [ view_filter ] --END-- [ RunTime:0.000647s ]
INFO: [ view_end ] --START--
INFO: ShowPageTrace Behavior ::run [ RunTime:0.000246s ]
INFO: [ view_end ] --END-- [ RunTime:0.000275s ]

[ 2014-12-23T09:47:33+08:00 ] 192.168.85.189 /ecloud/control.php
INFO: [ app_begin ] --START--
INFO: ReadHtmlCache Behavior ::run [ RunTime:0.000217s ]
INFO: [ app_begin ] --END-- [ RunTime:0.000273s ]
NOTIC: [8] A session had already been started - ignoring session_start() /opt/lampp/htdocs/ecloud/ThinkPHP/Common/functions.php 第 566 行.
INFO: [ view_parse ] --START--
INFO: ParseTemplate Behavior ::run [ RunTime:0.004755s ]
INFO: [ view_parse ] --END-- [ RunTime:0.004807s ]
INFO: [ view_filter ] --START--
INFO: ContentReplace Behavior ::run [ RunTime:0.000143s ]
INFO: TokenBuild Behavior ::run [ RunTime:0.000133s ]
INFO: WriteHtmlCache Behavior ::run [ RunTime:0.000072s ]
INFO: ShowRuntime Behavior ::run [ RunTime:0.000183s ]
INFO: [ view_filter ] --END-- [ RunTime:0.000607s ]
INFO: [ view_end ] --START--
INFO: ShowPageTrace Behavior ::run [ RunTime:0.000232s ]
INFO: [ view_end ] --END-- [ RunTime:0.000258s ]

[ 2014-12-23T09:54:18+08:00 ] 192.168.85.189 /ecloud/control.php
INFO: [ app_begin ] --START--
INFO: ReadHtmlCache Behavior ::run [ RunTime:0.000221s ]
INFO: [ app_begin ] --END-- [ RunTime:0.000280s ]
NOTIC: [8] A session had already been started - ignoring session_start() /opt/lampp/htdocs/ecloud/ThinkPHP/Common/functions.php 第 566 行.
INFO: [ view_parse ] --START--
INFO: ParseTemplate Behavior ::run [ RunTime:0.005665s ]
INFO: [ view_parse ] --END-- [ RunTime:0.005739s ]
INFO: [ view_filter ] --START--
INFO: ContentReplace Behavior ::run [ RunTime:0.000268s ]
INFO: TokenBuild Behavior ::run [ RunTime:0.000263s ]
INFO: WriteHtmlCache Behavior ::run [ RunTime:0.000147s ]
INFO: ShowRuntime Behavior ::run [ RunTime:0.000316s ]
INFO: [ view_filter ] --END-- [ RunTime:0.001182s ]
INFO: [ view_end ] --START--
INFO: ShowPageTrace Behavior ::run [ RunTime:0.000234s ]
INFO: [ view_end ] --END-- [ RunTime:0.000261s ]

[ 2014-12-23T09:54:19+08:00 ] 192.168.85.189 /ecloud/control.php
INFO: [ app_begin ] --START--
INFO: ReadHtmlCache Behavior ::run [ RunTime:0.000270s ]
INFO: [ app_begin ] --END-- [ RunTime:0.000340s ]
NOTIC: [8] A session had already been started - ignoring session_start() /opt/lampp/htdocs/ecloud/ThinkPHP/Common/functions.php 第 566 行.
INFO: [ view_parse ] --START--
INFO: ParseTemplate Behavior ::run [ RunTime:0.004452s ]
INFO: [ view_parse ] --END-- [ RunTime:0.004508s ]
INFO: [ view_filter ] --START--
INFO: ContentReplace Behavior ::run [ RunTime:0.000135s ]
INFO: TokenBuild Behavior ::run [ RunTime:0.000130s ]
INFO: WriteHtmlCache Behavior ::run [ RunTime:0.000072s ]
INFO: ShowRuntime Behavior ::run [ RunTime:0.000156s ]
INFO: [ view_filter ] --END-- [ RunTime:0.000568s ]
INFO: [ view_end ] --START--
INFO: ShowPageTrace Behavior ::run [ RunTime:0.000234s ]
INFO: [ view_end ] --END-- [ RunTime:0.000262s ]

[ 2014-12-23T09:54:19+08:00 ] 192.168.85.189 /ecloud/control.php
INFO: [ app_begin ] --START--
INFO: ReadHtmlCache Behavior ::run [ RunTime:0.000405s ]
INFO: [ app_begin ] --END-- [ RunTime:0.000492s ]
NOTIC: [8] A session had already been started - ignoring session_start() /opt/lampp/htdocs/ecloud/ThinkPHP/Common/functions.php 第 566 行.
INFO: [ view_parse ] --START--
INFO: ParseTemplate Behavior ::run [ RunTime:0.005862s ]
INFO: [ view_parse ] --END-- [ RunTime:0.005947s ]
INFO: [ view_filter ] --START--
INFO: ContentReplace Behavior ::run [ RunTime:0.000214s ]
INFO: TokenBuild Behavior ::run [ RunTime:0.000155s ]
INFO: WriteHtmlCache Behavior ::run [ RunTime:0.000083s ]
INFO: ShowRuntime Behavior ::run [ RunTime:0.000174s ]
INFO: [ view_filter ] --END-- [ RunTime:0.000714s ]
INFO: [ view_end ] --START--
INFO: ShowPageTrace Behavior ::run [ RunTime:0.000255s ]
INFO: [ view_end ] --END-- [ RunTime:0.000285s ]

[ 2014-12-23T09:54:19+08:00 ] 192.168.85.189 /ecloud/control.php
INFO: [ app_begin ] --START--
INFO: ReadHtmlCache Behavior ::run [ RunTime:0.000258s ]
INFO: [ app_begin ] --END-- [ RunTime:0.000320s ]
NOTIC: [8] A session had already been started - ignoring session_start() /opt/lampp/htdocs/ecloud/ThinkPHP/Common/functions.php 第 566 行.
INFO: [ view_parse ] --START--
INFO: ParseTemplate Behavior ::run [ RunTime:0.004408s ]
INFO: [ view_parse ] --END-- [ RunTime:0.004457s ]
INFO: [ view_filter ] --START--
INFO: ContentReplace Behavior ::run [ RunTime:0.000147s ]
INFO: TokenBuild Behavior ::run [ RunTime:0.000132s ]
INFO: WriteHtmlCache Behavior ::run [ RunTime:0.000073s ]
INFO: ShowRuntime Behavior ::run [ RunTime:0.000154s ]
INFO: [ view_filter ] --END-- [ RunTime:0.000582s ]
INFO: [ view_end ] --START--
INFO: ShowPageTrace Behavior ::run [ RunTime:0.000235s ]
INFO: [ view_end ] --END-- [ RunTime:0.000261s ]

[ 2014-12-23T09:54:19+08:00 ] 192.168.85.189 /ecloud/control.php
INFO: [ app_begin ] --START--
INFO: ReadHtmlCache Behavior ::run [ RunTime:0.000475s ]
INFO: [ app_begin ] --END-- [ RunTime:0.000582s ]
NOTIC: [8] A session had already been started - ignoring session_start() /opt/lampp/htdocs/ecloud/ThinkPHP/Common/functions.php 第 566 行.
INFO: [ view_parse ] --START--
INFO: ParseTemplate Behavior ::run [ RunTime:0.006126s ]
INFO: [ view_parse ] --END-- [ RunTime:0.006198s ]
INFO: [ view_filter ] --START--
INFO: ContentReplace Behavior ::run [ RunTime:0.000171s ]
INFO: TokenBuild Behavior ::run [ RunTime:0.000137s ]
INFO: WriteHtmlCache Behavior ::run [ RunTime:0.000073s ]
INFO: ShowRuntime Behavior ::run [ RunTime:0.000156s ]
INFO: [ view_filter ] --END-- [ RunTime:0.000619s ]
INFO: [ view_end ] --START--
INFO: ShowPageTrace Behavior ::run [ RunTime:0.000236s ]
INFO: [ view_end ] --END-- [ RunTime:0.000263s ]

[ 2014-12-23T09:54:56+08:00 ] 192.168.85.189 /ecloud/control.php
INFO: [ app_begin ] --START--
INFO: ReadHtmlCache Behavior ::run [ RunTime:0.000247s ]
INFO: [ app_begin ] --END-- [ RunTime:0.000309s ]
NOTIC: [8] A session had already been started - ignoring session_start() /opt/lampp/htdocs/ecloud/ThinkPHP/Common/functions.php 第 566 行.
INFO: [ view_parse ] --START--
INFO: ParseTemplate Behavior ::run [ RunTime:0.006040s ]
INFO: [ view_parse ] --END-- [ RunTime:0.006120s ]
INFO: [ view_filter ] --START--
INFO: ContentReplace Behavior ::run [ RunTime:0.000263s ]
INFO: TokenBuild Behavior ::run [ RunTime:0.000150s ]
INFO: WriteHtmlCache Behavior ::run [ RunTime:0.000077s ]
INFO: ShowRuntime Behavior ::run [ RunTime:0.000168s ]
INFO: [ view_filter ] --END-- [ RunTime:0.000745s ]
INFO: [ view_end ] --START--
INFO: ShowPageTrace Behavior ::run [ RunTime:0.000247s ]
INFO: [ view_end ] --END-- [ RunTime:0.000277s ]

[ 2014-12-23T09:55:00+08:00 ] 192.168.85.189 /ecloud/control.php
INFO: [ app_begin ] --START--
INFO: ReadHtmlCache Behavior ::run [ RunTime:0.000286s ]
INFO: [ app_begin ] --END-- [ RunTime:0.000376s ]
NOTIC: [8] A session had already been started - ignoring session_start() /opt/lampp/htdocs/ecloud/ThinkPHP/Common/functions.php 第 566 行.
INFO: [ view_parse ] --START--
INFO: ParseTemplate Behavior ::run [ RunTime:0.006141s ]
INFO: [ view_parse ] --END-- [ RunTime:0.006223s ]
INFO: [ view_filter ] --START--
INFO: ContentReplace Behavior ::run [ RunTime:0.000165s ]
INFO: TokenBuild Behavior ::run [ RunTime:0.000141s ]
INFO: WriteHtmlCache Behavior ::run [ RunTime:0.000074s ]
INFO: ShowRuntime Behavior ::run [ RunTime:0.000166s ]
INFO: [ view_filter ] --END-- [ RunTime:0.000623s ]
INFO: [ view_end ] --START--
INFO: ShowPageTrace Behavior ::run [ RunTime:0.000243s ]
INFO: [ view_end ] --END-- [ RunTime:0.000271s ]

[ 2014-12-23T09:55:29+08:00 ] 192.168.85.189 /ecloud/control.php
INFO: [ app_begin ] --START--
INFO: ReadHtmlCache Behavior ::run [ RunTime:0.000358s ]
INFO: [ app_begin ] --END-- [ RunTime:0.000432s ]
NOTIC: [8] A session had already been started - ignoring session_start() /opt/lampp/htdocs/ecloud/ThinkPHP/Common/functions.php 第 566 行.
INFO: [ view_parse ] --START--
INFO: ParseTemplate Behavior ::run [ RunTime:0.007098s ]
INFO: [ view_parse ] --END-- [ RunTime:0.007181s ]
INFO: [ view_filter ] --START--
INFO: ContentReplace Behavior ::run [ RunTime:0.000274s ]
INFO: TokenBuild Behavior ::run [ RunTime:0.000137s ]
INFO: WriteHtmlCache Behavior ::run [ RunTime:0.000074s ]
INFO: ShowRuntime Behavior ::run [ RunTime:0.000158s ]
INFO: [ view_filter ] --END-- [ RunTime:0.000730s ]
INFO: [ view_end ] --START--
INFO: ShowPageTrace Behavior ::run [ RunTime:0.000234s ]
INFO: [ view_end ] --END-- [ RunTime:0.000260s ]

[ 2014-12-23T09:55:30+08:00 ] 192.168.85.189 /ecloud/control.php
INFO: [ app_begin ] --START--
INFO: ReadHtmlCache Behavior ::run [ RunTime:0.000213s ]
INFO: [ app_begin ] --END-- [ RunTime:0.000270s ]
NOTIC: [8] A session had already been started - ignoring session_start() /opt/lampp/htdocs/ecloud/ThinkPHP/Common/functions.php 第 566 行.
INFO: [ view_parse ] --START--
INFO: ParseTemplate Behavior ::run [ RunTime:0.004733s ]
INFO: [ view_parse ] --END-- [ RunTime:0.004786s ]
INFO: [ view_filter ] --START--
INFO: ContentReplace Behavior ::run [ RunTime:0.000137s ]
INFO: TokenBuild Behavior ::run [ RunTime:0.000131s ]
INFO: WriteHtmlCache Behavior ::run [ RunTime:0.000071s ]
INFO: ShowRuntime Behavior ::run [ RunTime:0.000155s ]
INFO: [ view_filter ] --END-- [ RunTime:0.000569s ]
INFO: [ view_end ] --START--
INFO: ShowPageTrace Behavior ::run [ RunTime:0.000228s ]
INFO: [ view_end ] --END-- [ RunTime:0.000253s ]

[ 2014-12-23T09:55:30+08:00 ] 192.168.85.189 /ecloud/control.php
INFO: [ app_begin ] --START--
INFO: ReadHtmlCache Behavior ::run [ RunTime:0.000209s ]
INFO: [ app_begin ] --END-- [ RunTime:0.000260s ]
NOTIC: [8] A session had already been started - ignoring session_start() /opt/lampp/htdocs/ecloud/ThinkPHP/Common/functions.php 第 566 行.
INFO: [ view_parse ] --START--
INFO: ParseTemplate Behavior ::run [ RunTime:0.004255s ]
INFO: [ view_parse ] --END-- [ RunTime:0.004297s ]
INFO: [ view_filter ] --START--
INFO: ContentReplace Behavior ::run [ RunTime:0.000140s ]
INFO: TokenBuild Behavior ::run [ RunTime:0.000129s ]
INFO: WriteHtmlCache Behavior ::run [ RunTime:0.000072s ]
INFO: ShowRuntime Behavior ::run [ RunTime:0.000154s ]
INFO: [ view_filter ] --END-- [ RunTime:0.000570s ]
INFO: [ view_end ] --START--
INFO: ShowPageTrace Behavior ::run [ RunTime:0.000227s ]
INFO: [ view_end ] --END-- [ RunTime:0.000255s ]

[ 2014-12-23T09:56:00+08:00 ] 192.168.85.189 /ecloud/control.php
INFO: [ app_begin ] --START--
INFO: ReadHtmlCache Behavior ::run [ RunTime:0.000298s ]
INFO: [ app_begin ] --END-- [ RunTime:0.000378s ]
NOTIC: [8] A session had already been started - ignoring session_start() /opt/lampp/htdocs/ecloud/ThinkPHP/Common/functions.php 第 566 行.
INFO: [ view_parse ] --START--
INFO: ParseTemplate Behavior ::run [ RunTime:0.005075s ]
INFO: [ view_parse ] --END-- [ RunTime:0.005137s ]
INFO: [ view_filter ] --START--
INFO: ContentReplace Behavior ::run [ RunTime:0.000146s ]
INFO: TokenBuild Behavior ::run [ RunTime:0.000130s ]
INFO: WriteHtmlCache Behavior ::run [ RunTime:0.000073s ]
INFO: ShowRuntime Behavior ::run [ RunTime:0.000164s ]
INFO: [ view_filter ] --END-- [ RunTime:0.000593s ]
INFO: [ view_end ] --START--
INFO: ShowPageTrace Behavior ::run [ RunTime:0.000233s ]
INFO: [ view_end ] --END-- [ RunTime:0.000263s ]

[ 2014-12-23T09:56:01+08:00 ] 192.168.85.189 /ecloud/control.php
INFO: [ app_begin ] --START--
INFO: ReadHtmlCache Behavior ::run [ RunTime:0.000277s ]
INFO: [ app_begin ] --END-- [ RunTime:0.000343s ]
NOTIC: [8] A session had already been started - ignoring session_start() /opt/lampp/htdocs/ecloud/ThinkPHP/Common/functions.php 第 566 行.
INFO: [ view_parse ] --START--
INFO: ParseTemplate Behavior ::run [ RunTime:0.007236s ]
INFO: [ view_parse ] --END-- [ RunTime:0.007317s ]
INFO: [ view_filter ] --START--
INFO: ContentReplace Behavior ::run [ RunTime:0.000266s ]
INFO: TokenBuild Behavior ::run [ RunTime:0.000260s ]
INFO: WriteHtmlCache Behavior ::run [ RunTime:0.000144s ]
INFO: ShowRuntime Behavior ::run [ RunTime:0.000311s ]
INFO: [ view_filter ] --END-- [ RunTime:0.001134s ]
INFO: [ view_end ] --START--
INFO: ShowPageTrace Behavior ::run [ RunTime:0.000456s ]
INFO: [ view_end ] --END-- [ RunTime:0.000511s ]

[ 2014-12-23T09:56:02+08:00 ] 192.168.85.189 /ecloud/control.php
INFO: [ app_begin ] --START--
INFO: ReadHtmlCache Behavior ::run [ RunTime:0.000273s ]
INFO: [ app_begin ] --END-- [ RunTime:0.000341s ]
NOTIC: [8] A session had already been started - ignoring session_start() /opt/lampp/htdocs/ecloud/ThinkPHP/Common/functions.php 第 566 行.
INFO: [ view_parse ] --START--
INFO: ParseTemplate Behavior ::run [ RunTime:0.006532s ]
INFO: [ view_parse ] --END-- [ RunTime:0.006622s ]
INFO: [ view_filter ] --START--
INFO: ContentReplace Behavior ::run [ RunTime:0.000287s ]
INFO: TokenBuild Behavior ::run [ RunTime:0.000262s ]
INFO: WriteHtmlCache Behavior ::run [ RunTime:0.000183s ]
INFO: ShowRuntime Behavior ::run [ RunTime:0.000331s ]
INFO: [ view_filter ] --END-- [ RunTime:0.001221s ]
INFO: [ view_end ] --START--
INFO: ShowPageTrace Behavior ::run [ RunTime:0.000470s ]
INFO: [ view_end ] --END-- [ RunTime:0.000530s ]

[ 2014-12-23T09:56:02+08:00 ] 192.168.85.189 /ecloud/control.php
INFO: [ app_begin ] --START--
INFO: ReadHtmlCache Behavior ::run [ RunTime:0.000237s ]
INFO: [ app_begin ] --END-- [ RunTime:0.000299s ]
NOTIC: [8] A session had already been started - ignoring session_start() /opt/lampp/htdocs/ecloud/ThinkPHP/Common/functions.php 第 566 行.
INFO: [ view_parse ] --START--
INFO: ParseTemplate Behavior ::run [ RunTime:0.005208s ]
INFO: [ view_parse ] --END-- [ RunTime:0.005268s ]
INFO: [ view_filter ] --START--
INFO: ContentReplace Behavior ::run [ RunTime:0.000161s ]
INFO: TokenBuild Behavior ::run [ RunTime:0.000135s ]
INFO: WriteHtmlCache Behavior ::run [ RunTime:0.000075s ]
INFO: ShowRuntime Behavior ::run [ RunTime:0.000163s ]
INFO: [ view_filter ] --END-- [ RunTime:0.000613s ]
INFO: [ view_end ] --START--
INFO: ShowPageTrace Behavior ::run [ RunTime:0.000274s ]
INFO: [ view_end ] --END-- [ RunTime:0.000308s ]

[ 2014-12-23T09:56:02+08:00 ] 192.168.85.189 /ecloud/control.php
INFO: [ app_begin ] --START--
INFO: ReadHtmlCache Behavior ::run [ RunTime:0.000201s ]
INFO: [ app_begin ] --END-- [ RunTime:0.000250s ]
NOTIC: [8] A session had already been started - ignoring session_start() /opt/lampp/htdocs/ecloud/ThinkPHP/Common/functions.php 第 566 行.
INFO: [ view_parse ] --START--
INFO: ParseTemplate Behavior ::run [ RunTime:0.004304s ]
INFO: [ view_parse ] --END-- [ RunTime:0.004344s ]
INFO: [ view_filter ] --START--
INFO: ContentReplace Behavior ::run [ RunTime:0.000134s ]
INFO: TokenBuild Behavior ::run [ RunTime:0.000182s ]
INFO: WriteHtmlCache Behavior ::run [ RunTime:0.000132s ]
INFO: ShowRuntime Behavior ::run [ RunTime:0.000270s ]
INFO: [ view_filter ] --END-- [ RunTime:0.000843s ]
INFO: [ view_end ] --START--
INFO: ShowPageTrace Behavior ::run [ RunTime:0.000402s ]
INFO: [ view_end ] --END-- [ RunTime:0.000449s ]

[ 2014-12-23T09:56:02+08:00 ] 192.168.85.189 /ecloud/control.php
INFO: [ app_begin ] --START--
INFO: ReadHtmlCache Behavior ::run [ RunTime:0.000264s ]
INFO: [ app_begin ] --END-- [ RunTime:0.000329s ]
NOTIC: [8] A session had already been started - ignoring session_start() /opt/lampp/htdocs/ecloud/ThinkPHP/Common/functions.php 第 566 行.
INFO: [ view_parse ] --START--
INFO: ParseTemplate Behavior ::run [ RunTime:0.006698s ]
INFO: [ view_parse ] --END-- [ RunTime:0.006811s ]
INFO: [ view_filter ] --START--
INFO: ContentReplace Behavior ::run [ RunTime:0.000267s ]
INFO: TokenBuild Behavior ::run [ RunTime:0.000258s ]
INFO: WriteHtmlCache Behavior ::run [ RunTime:0.000145s ]
INFO: ShowRuntime Behavior ::run [ RunTime:0.000327s ]
INFO: [ view_filter ] --END-- [ RunTime:0.001156s ]
INFO: [ view_end ] --START--
INFO: ShowPageTrace Behavior ::run [ RunTime:0.000467s ]
INFO: [ view_end ] --END-- [ RunTime:0.000526s ]

[ 2014-12-23T09:56:02+08:00 ] 192.168.85.189 /ecloud/control.php
INFO: [ app_begin ] --START--
INFO: ReadHtmlCache Behavior ::run [ RunTime:0.000401s ]
INFO: [ app_begin ] --END-- [ RunTime:0.000484s ]
NOTIC: [8] A session had already been started - ignoring session_start() /opt/lampp/htdocs/ecloud/ThinkPHP/Common/functions.php 第 566 行.
INFO: [ view_parse ] --START--
INFO: ParseTemplate Behavior ::run [ RunTime:0.006150s ]
INFO: [ view_parse ] --END-- [ RunTime:0.006228s ]
INFO: [ view_filter ] --START--
INFO: ContentReplace Behavior ::run [ RunTime:0.000217s ]
INFO: TokenBuild Behavior ::run [ RunTime:0.000165s ]
INFO: WriteHtmlCache Behavior ::run [ RunTime:0.000085s ]
INFO: ShowRuntime Behavior ::run [ RunTime:0.000182s ]
INFO: [ view_filter ] --END-- [ RunTime:0.000741s ]
INFO: [ view_end ] --START--
INFO: ShowPageTrace Behavior ::run [ RunTime:0.000259s ]
INFO: [ view_end ] --END-- [ RunTime:0.000288s ]

[ 2014-12-23T09:56:03+08:00 ] 192.168.85.189 /ecloud/control.php
INFO: [ app_begin ] --START--
INFO: ReadHtmlCache Behavior ::run [ RunTime:0.000233s ]
INFO: [ app_begin ] --END-- [ RunTime:0.000294s ]
NOTIC: [8] A session had already been started - ignoring session_start() /opt/lampp/htdocs/ecloud/ThinkPHP/Common/functions.php 第 566 行.
INFO: [ view_parse ] --START--
INFO: ParseTemplate Behavior ::run [ RunTime:0.004549s ]
INFO: [ view_parse ] --END-- [ RunTime:0.004620s ]
INFO: [ view_filter ] --START--
INFO: ContentReplace Behavior ::run [ RunTime:0.000129s ]
INFO: TokenBuild Behavior ::run [ RunTime:0.000126s ]
INFO: WriteHtmlCache Behavior ::run [ RunTime:0.000070s ]
INFO: ShowRuntime Behavior ::run [ RunTime:0.000157s ]
INFO: [ view_filter ] --END-- [ RunTime:0.000559s ]
INFO: [ view_end ] --START--
INFO: ShowPageTrace Behavior ::run [ RunTime:0.000243s ]
INFO: [ view_end ] --END-- [ RunTime:0.000272s ]

[ 2014-12-23T09:56:03+08:00 ] 192.168.85.189 /ecloud/control.php
INFO: [ app_begin ] --START--
INFO: ReadHtmlCache Behavior ::run [ RunTime:0.000320s ]
INFO: [ app_begin ] --END-- [ RunTime:0.000394s ]
NOTIC: [8] A session had already been started - ignoring session_start() /opt/lampp/htdocs/ecloud/ThinkPHP/Common/functions.php 第 566 行.
INFO: [ view_parse ] --START--
INFO: ParseTemplate Behavior ::run [ RunTime:0.006612s ]
INFO: [ view_parse ] --END-- [ RunTime:0.006733s ]
INFO: [ view_filter ] --START--
INFO: ContentReplace Behavior ::run [ RunTime:0.000321s ]
INFO: TokenBuild Behavior ::run [ RunTime:0.000255s ]
INFO: WriteHtmlCache Behavior ::run [ RunTime:0.000130s ]
INFO: ShowRuntime Behavior ::run [ RunTime:0.000226s ]
INFO: [ view_filter ] --END-- [ RunTime:0.001084s ]
INFO: [ view_end ] --START--
INFO: ShowPageTrace Behavior ::run [ RunTime:0.000480s ]
INFO: [ view_end ] --END-- [ RunTime:0.000561s ]

[ 2014-12-23T09:56:03+08:00 ] 192.168.85.189 /ecloud/control.php
INFO: [ app_begin ] --START--
INFO: ReadHtmlCache Behavior ::run [ RunTime:0.000652s ]
INFO: [ app_begin ] --END-- [ RunTime:0.000783s ]
NOTIC: [8] A session had already been started - ignoring session_start() /opt/lampp/htdocs/ecloud/ThinkPHP/Common/functions.php 第 566 行.
INFO: [ view_parse ] --START--
INFO: ParseTemplate Behavior ::run [ RunTime:0.005771s ]
INFO: [ view_parse ] --END-- [ RunTime:0.005859s ]
INFO: [ view_filter ] --START--
INFO: ContentReplace Behavior ::run [ RunTime:0.000202s ]
INFO: TokenBuild Behavior ::run [ RunTime:0.000154s ]
INFO: WriteHtmlCache Behavior ::run [ RunTime:0.000081s ]
INFO: ShowRuntime Behavior ::run [ RunTime:0.000182s ]
INFO: [ view_filter ] --END-- [ RunTime:0.000704s ]
INFO: [ view_end ] --START--
INFO: ShowPageTrace Behavior ::run [ RunTime:0.000265s ]
INFO: [ view_end ] --END-- [ RunTime:0.000296s ]

[ 2014-12-23T09:56:03+08:00 ] 192.168.85.189 /ecloud/control.php
INFO: [ app_begin ] --START--
INFO: ReadHtmlCache Behavior ::run [ RunTime:0.000336s ]
INFO: [ app_begin ] --END-- [ RunTime:0.000402s ]
NOTIC: [8] A session had already been started - ignoring session_start() /opt/lampp/htdocs/ecloud/ThinkPHP/Common/functions.php 第 566 行.
INFO: [ view_parse ] --START--
INFO: ParseTemplate Behavior ::run [ RunTime:0.007813s ]
INFO: [ view_parse ] --END-- [ RunTime:0.007893s ]
INFO: [ view_filter ] --START--
INFO: ContentReplace Behavior ::run [ RunTime:0.000222s ]
INFO: TokenBuild Behavior ::run [ RunTime:0.000178s ]
INFO: WriteHtmlCache Behavior ::run [ RunTime:0.000088s ]
INFO: ShowRuntime Behavior ::run [ RunTime:0.000198s ]
INFO: [ view_filter ] --END-- [ RunTime:0.000788s ]
INFO: [ view_end ] --START--
INFO: ShowPageTrace Behavior ::run [ RunTime:0.000292s ]
INFO: [ view_end ] --END-- [ RunTime:0.000328s ]

[ 2014-12-23T09:56:03+08:00 ] 192.168.85.189 /ecloud/control.php
INFO: [ app_begin ] --START--
INFO: ReadHtmlCache Behavior ::run [ RunTime:0.000195s ]
INFO: [ app_begin ] --END-- [ RunTime:0.000241s ]
NOTIC: [8] A session had already been started - ignoring session_start() /opt/lampp/htdocs/ecloud/ThinkPHP/Common/functions.php 第 566 行.
INFO: [ view_parse ] --START--
INFO: ParseTemplate Behavior ::run [ RunTime:0.004931s ]
INFO: [ view_parse ] --END-- [ RunTime:0.004977s ]
INFO: [ view_filter ] --START--
INFO: ContentReplace Behavior ::run [ RunTime:0.000148s ]
INFO: TokenBuild Behavior ::run [ RunTime:0.000243s ]
INFO: WriteHtmlCache Behavior ::run [ RunTime:0.000076s ]
INFO: ShowRuntime Behavior ::run [ RunTime:0.000162s ]
INFO: [ view_filter ] --END-- [ RunTime:0.000708s ]
INFO: [ view_end ] --START--
INFO: ShowPageTrace Behavior ::run [ RunTime:0.000239s ]
INFO: [ view_end ] --END-- [ RunTime:0.000269s ]

[ 2014-12-23T09:56:03+08:00 ] 192.168.85.189 /ecloud/control.php
INFO: [ app_begin ] --START--
INFO: ReadHtmlCache Behavior ::run [ RunTime:0.000427s ]
INFO: [ app_begin ] --END-- [ RunTime:0.000509s ]
NOTIC: [8] A session had already been started - ignoring session_start() /opt/lampp/htdocs/ecloud/ThinkPHP/Common/functions.php 第 566 行.
INFO: [ view_parse ] --START--
INFO: ParseTemplate Behavior ::run [ RunTime:0.006880s ]
INFO: [ view_parse ] --END-- [ RunTime:0.007023s ]
INFO: [ view_filter ] --START--
INFO: ContentReplace Behavior ::run [ RunTime:0.000333s ]
INFO: TokenBuild Behavior ::run [ RunTime:0.000277s ]
INFO: WriteHtmlCache Behavior ::run [ RunTime:0.000144s ]
INFO: ShowRuntime Behavior ::run [ RunTime:0.000265s ]
INFO: [ view_filter ] --END-- [ RunTime:0.001215s ]
INFO: [ view_end ] --START--
INFO: ShowPageTrace Behavior ::run [ RunTime:0.000325s ]
INFO: [ view_end ] --END-- [ RunTime:0.000367s ]

[ 2014-12-23T09:56:03+08:00 ] 192.168.85.189 /ecloud/control.php
INFO: [ app_begin ] --START--
INFO: ReadHtmlCache Behavior ::run [ RunTime:0.000249s ]
INFO: [ app_begin ] --END-- [ RunTime:0.000310s ]
NOTIC: [8] A session had already been started - ignoring session_start() /opt/lampp/htdocs/ecloud/ThinkPHP/Common/functions.php 第 566 行.
INFO: [ view_parse ] --START--
INFO: ParseTemplate Behavior ::run [ RunTime:0.006344s ]
INFO: [ view_parse ] --END-- [ RunTime:0.006422s ]
INFO: [ view_filter ] --START--
INFO: ContentReplace Behavior ::run [ RunTime:0.000224s ]
INFO: TokenBuild Behavior ::run [ RunTime:0.000155s ]
INFO: WriteHtmlCache Behavior ::run [ RunTime:0.000079s ]
INFO: ShowRuntime Behavior ::run [ RunTime:0.000168s ]
INFO: [ view_filter ] --END-- [ RunTime:0.000715s ]
INFO: [ view_end ] --START--
INFO: ShowPageTrace Behavior ::run [ RunTime:0.000255s ]
INFO: [ view_end ] --END-- [ RunTime:0.000285s ]

[ 2014-12-23T09:56:03+08:00 ] 192.168.85.189 /ecloud/control.php
INFO: [ app_begin ] --START--
INFO: ReadHtmlCache Behavior ::run [ RunTime:0.000234s ]
INFO: [ app_begin ] --END-- [ RunTime:0.000290s ]
NOTIC: [8] A session had already been started - ignoring session_start() /opt/lampp/htdocs/ecloud/ThinkPHP/Common/functions.php 第 566 行.
INFO: [ view_parse ] --START--
INFO: ParseTemplate Behavior ::run [ RunTime:0.004853s ]
INFO: [ view_parse ] --END-- [ RunTime:0.004917s ]
INFO: [ view_filter ] --START--
INFO: ContentReplace Behavior ::run [ RunTime:0.000183s ]
INFO: TokenBuild Behavior ::run [ RunTime:0.000143s ]
INFO: WriteHtmlCache Behavior ::run [ RunTime:0.000078s ]
INFO: ShowRuntime Behavior ::run [ RunTime:0.000170s ]
INFO: [ view_filter ] --END-- [ RunTime:0.000665s ]
INFO: [ view_end ] --START--
INFO: ShowPageTrace Behavior ::run [ RunTime:0.000253s ]
INFO: [ view_end ] --END-- [ RunTime:0.000285s ]

[ 2014-12-23T09:56:03+08:00 ] 192.168.85.189 /ecloud/control.php
INFO: [ app_begin ] --START--
INFO: ReadHtmlCache Behavior ::run [ RunTime:0.000379s ]
INFO: [ app_begin ] --END-- [ RunTime:0.000459s ]
NOTIC: [8] A session had already been started - ignoring session_start() /opt/lampp/htdocs/ecloud/ThinkPHP/Common/functions.php 第 566 行.
INFO: [ view_parse ] --START--
INFO: ParseTemplate Behavior ::run [ RunTime:0.005006s ]
INFO: [ view_parse ] --END-- [ RunTime:0.005070s ]
INFO: [ view_filter ] --START--
INFO: ContentReplace Behavior ::run [ RunTime:0.000161s ]
INFO: TokenBuild Behavior ::run [ RunTime:0.000134s ]
INFO: WriteHtmlCache Behavior ::run [ RunTime:0.000074s ]
INFO: ShowRuntime Behavior ::run [ RunTime:0.000160s ]
INFO: [ view_filter ] --END-- [ RunTime:0.000605s ]
INFO: [ view_end ] --START--
INFO: ShowPageTrace Behavior ::run [ RunTime:0.000238s ]
INFO: [ view_end ] --END-- [ RunTime:0.000265s ]

[ 2014-12-23T09:56:03+08:00 ] 192.168.85.189 /ecloud/control.php
INFO: [ app_begin ] --START--
INFO: ReadHtmlCache Behavior ::run [ RunTime:0.000347s ]
INFO: [ app_begin ] --END-- [ RunTime:0.000432s ]
NOTIC: [8] A session had already been started - ignoring session_start() /opt/lampp/htdocs/ecloud/ThinkPHP/Common/functions.php 第 566 行.
INFO: [ view_parse ] --START--
INFO: ParseTemplate Behavior ::run [ RunTime:0.006408s ]
INFO: [ view_parse ] --END-- [ RunTime:0.006472s ]
INFO: [ view_filter ] --START--
INFO: ContentReplace Behavior ::run [ RunTime:0.000165s ]
INFO: TokenBuild Behavior ::run [ RunTime:0.000137s ]
INFO: WriteHtmlCache Behavior ::run [ RunTime:0.000073s ]
INFO: ShowRuntime Behavior ::run [ RunTime:0.000157s ]
INFO: [ view_filter ] --END-- [ RunTime:0.000609s ]
INFO: [ view_end ] --START--
INFO: ShowPageTrace Behavior ::run [ RunTime:0.000232s ]
INFO: [ view_end ] --END-- [ RunTime:0.000259s ]

[ 2014-12-23T09:56:03+08:00 ] 192.168.85.189 /ecloud/control.php
INFO: [ app_begin ] --START--
INFO: ReadHtmlCache Behavior ::run [ RunTime:0.000462s ]
INFO: [ app_begin ] --END-- [ RunTime:0.000554s ]
NOTIC: [8] A session had already been started - ignoring session_start() /opt/lampp/htdocs/ecloud/ThinkPHP/Common/functions.php 第 566 行.
INFO: [ view_parse ] --START--
INFO: ParseTemplate Behavior ::run [ RunTime:0.006853s ]
INFO: [ view_parse ] --END-- [ RunTime:0.006931s ]
INFO: [ view_filter ] --START--
INFO: ContentReplace Behavior ::run [ RunTime:0.000229s ]
INFO: TokenBuild Behavior ::run [ RunTime:0.000145s ]
INFO: WriteHtmlCache Behavior ::run [ RunTime:0.000077s ]
INFO: ShowRuntime Behavior ::run [ RunTime:0.000164s ]
INFO: [ view_filter ] --END-- [ RunTime:0.000702s ]
INFO: [ view_end ] --START--
INFO: ShowPageTrace Behavior ::run [ RunTime:0.000255s ]
INFO: [ view_end ] --END-- [ RunTime:0.000284s ]

[ 2014-12-23T09:56:03+08:00 ] 192.168.85.189 /ecloud/control.php
INFO: [ app_begin ] --START--
INFO: ReadHtmlCache Behavior ::run [ RunTime:0.000272s ]
INFO: [ app_begin ] --END-- [ RunTime:0.000336s ]
NOTIC: [8] A session had already been started - ignoring session_start() /opt/lampp/htdocs/ecloud/ThinkPHP/Common/functions.php 第 566 行.
INFO: [ view_parse ] --START--
INFO: ParseTemplate Behavior ::run [ RunTime:0.004482s ]
INFO: [ view_parse ] --END-- [ RunTime:0.004534s ]
INFO: [ view_filter ] --START--
INFO: ContentReplace Behavior ::run [ RunTime:0.000139s ]
INFO: TokenBuild Behavior ::run [ RunTime:0.000130s ]
INFO: WriteHtmlCache Behavior ::run [ RunTime:0.000072s ]
INFO: ShowRuntime Behavior ::run [ RunTime:0.000155s ]
INFO: [ view_filter ] --END-- [ RunTime:0.000570s ]
INFO: [ view_end ] --START--
INFO: ShowPageTrace Behavior ::run [ RunTime:0.000227s ]
INFO: [ view_end ] --END-- [ RunTime:0.000253s ]

[ 2014-12-23T09:56:03+08:00 ] 192.168.85.189 /ecloud/control.php
INFO: [ app_begin ] --START--
INFO: ReadHtmlCache Behavior ::run [ RunTime:0.000712s ]
INFO: [ app_begin ] --END-- [ RunTime:0.000892s ]
NOTIC: [8] A session had already been started - ignoring session_start() /opt/lampp/htdocs/ecloud/ThinkPHP/Common/functions.php 第 566 行.
INFO: [ view_parse ] --START--
INFO: ParseTemplate Behavior ::run [ RunTime:0.009187s ]
INFO: [ view_parse ] --END-- [ RunTime:0.009298s ]
INFO: [ view_filter ] --START--
INFO: ContentReplace Behavior ::run [ RunTime:0.000297s ]
INFO: TokenBuild Behavior ::run [ RunTime:0.000235s ]
INFO: WriteHtmlCache Behavior ::run [ RunTime:0.000114s ]
INFO: ShowRuntime Behavior ::run [ RunTime:0.000266s ]
INFO: [ view_filter ] --END-- [ RunTime:0.001053s ]
INFO: [ view_end ] --START--
INFO: ShowPageTrace Behavior ::run [ RunTime:0.000421s ]
INFO: [ view_end ] --END-- [ RunTime:0.000479s ]

[ 2014-12-23T09:56:03+08:00 ] 192.168.85.189 /ecloud/control.php
INFO: [ app_begin ] --START--
INFO: ReadHtmlCache Behavior ::run [ RunTime:0.000400s ]
INFO: [ app_begin ] --END-- [ RunTime:0.000484s ]
NOTIC: [8] A session had already been started - ignoring session_start() /opt/lampp/htdocs/ecloud/ThinkPHP/Common/functions.php 第 566 行.
INFO: [ view_parse ] --START--
INFO: ParseTemplate Behavior ::run [ RunTime:0.004975s ]
INFO: [ view_parse ] --END-- [ RunTime:0.005034s ]
INFO: [ view_filter ] --START--
INFO: ContentReplace Behavior ::run [ RunTime:0.000177s ]
INFO: TokenBuild Behavior ::run [ RunTime:0.000146s ]
INFO: WriteHtmlCache Behavior ::run [ RunTime:0.000079s ]
INFO: ShowRuntime Behavior ::run [ RunTime:0.000164s ]
INFO: [ view_filter ] --END-- [ RunTime:0.000648s ]
INFO: [ view_end ] --START--
INFO: ShowPageTrace Behavior ::run [ RunTime:0.000265s ]
INFO: [ view_end ] --END-- [ RunTime:0.000298s ]

[ 2014-12-23T09:56:03+08:00 ] 192.168.85.189 /ecloud/control.php
INFO: [ app_begin ] --START--
INFO: ReadHtmlCache Behavior ::run [ RunTime:0.000262s ]
INFO: [ app_begin ] --END-- [ RunTime:0.000325s ]
NOTIC: [8] A session had already been started - ignoring session_start() /opt/lampp/htdocs/ecloud/ThinkPHP/Common/functions.php 第 566 行.
INFO: [ view_parse ] --START--
INFO: ParseTemplate Behavior ::run [ RunTime:0.005709s ]
INFO: [ view_parse ] --END-- [ RunTime:0.005785s ]
INFO: [ view_filter ] --START--
INFO: ContentReplace Behavior ::run [ RunTime:0.000168s ]
INFO: TokenBuild Behavior ::run [ RunTime:0.000145s ]
INFO: WriteHtmlCache Behavior ::run [ RunTime:0.000080s ]
INFO: ShowRuntime Behavior ::run [ RunTime:0.000169s ]
INFO: [ view_filter ] --END-- [ RunTime:0.000641s ]
INFO: [ view_end ] --START--
INFO: ShowPageTrace Behavior ::run [ RunTime:0.000274s ]
INFO: [ view_end ] --END-- [ RunTime:0.000303s ]

[ 2014-12-23T09:56:03+08:00 ] 192.168.85.189 /ecloud/control.php
INFO: [ app_begin ] --START--
INFO: ReadHtmlCache Behavior ::run [ RunTime:0.000226s ]
INFO: [ app_begin ] --END-- [ RunTime:0.000273s ]
NOTIC: [8] A session had already been started - ignoring session_start() /opt/lampp/htdocs/ecloud/ThinkPHP/Common/functions.php 第 566 行.
INFO: [ view_parse ] --START--
INFO: ParseTemplate Behavior ::run [ RunTime:0.005556s ]
INFO: [ view_parse ] --END-- [ RunTime:0.005626s ]
INFO: [ view_filter ] --START--
INFO: ContentReplace Behavior ::run [ RunTime:0.000186s ]
INFO: TokenBuild Behavior ::run [ RunTime:0.000186s ]
INFO: WriteHtmlCache Behavior ::run [ RunTime:0.000075s ]
INFO: ShowRuntime Behavior ::run [ RunTime:0.000164s ]
INFO: [ view_filter ] --END-- [ RunTime:0.000691s ]
INFO: [ view_end ] --START--
INFO: ShowPageTrace Behavior ::run [ RunTime:0.000237s ]
INFO: [ view_end ] --END-- [ RunTime:0.000263s ]

[ 2014-12-23T09:56:03+08:00 ] 192.168.85.189 /ecloud/control.php
INFO: [ app_begin ] --START--
INFO: ReadHtmlCache Behavior ::run [ RunTime:0.001000s ]
INFO: [ app_begin ] --END-- [ RunTime:0.001221s ]
NOTIC: [8] A session had already been started - ignoring session_start() /opt/lampp/htdocs/ecloud/ThinkPHP/Common/functions.php 第 566 行.
INFO: [ view_parse ] --START--
INFO: ParseTemplate Behavior ::run [ RunTime:0.007960s ]
INFO: [ view_parse ] --END-- [ RunTime:0.008092s ]
INFO: [ view_filter ] --START--
INFO: ContentReplace Behavior ::run [ RunTime:0.000321s ]
INFO: TokenBuild Behavior ::run [ RunTime:0.000309s ]
INFO: WriteHtmlCache Behavior ::run [ RunTime:0.000112s ]
INFO: ShowRuntime Behavior ::run [ RunTime:0.000189s ]
INFO: [ view_filter ] --END-- [ RunTime:0.001076s ]
INFO: [ view_end ] --START--
INFO: ShowPageTrace Behavior ::run [ RunTime:0.000282s ]
INFO: [ view_end ] --END-- [ RunTime:0.000317s ]

[ 2014-12-23T09:56:03+08:00 ] 192.168.85.189 /ecloud/control.php
INFO: [ app_begin ] --START--
INFO: ReadHtmlCache Behavior ::run [ RunTime:0.000250s ]
INFO: [ app_begin ] --END-- [ RunTime:0.000313s ]
NOTIC: [8] A session had already been started - ignoring session_start() /opt/lampp/htdocs/ecloud/ThinkPHP/Common/functions.php 第 566 行.
INFO: [ view_parse ] --START--
INFO: ParseTemplate Behavior ::run [ RunTime:0.004988s ]
INFO: [ view_parse ] --END-- [ RunTime:0.005045s ]
INFO: [ view_filter ] --START--
INFO: ContentReplace Behavior ::run [ RunTime:0.000187s ]
INFO: TokenBuild Behavior ::run [ RunTime:0.000147s ]
INFO: WriteHtmlCache Behavior ::run [ RunTime:0.000084s ]
INFO: ShowRuntime Behavior ::run [ RunTime:0.000181s ]
INFO: [ view_filter ] --END-- [ RunTime:0.000696s ]
INFO: [ view_end ] --START--
INFO: ShowPageTrace Behavior ::run [ RunTime:0.000244s ]
INFO: [ view_end ] --END-- [ RunTime:0.000272s ]

[ 2014-12-23T09:56:03+08:00 ] 192.168.85.189 /ecloud/control.php
INFO: [ app_begin ] --START--
INFO: ReadHtmlCache Behavior ::run [ RunTime:0.000668s ]
INFO: [ app_begin ] --END-- [ RunTime:0.000813s ]
NOTIC: [8] A session had already been started - ignoring session_start() /opt/lampp/htdocs/ecloud/ThinkPHP/Common/functions.php 第 566 行.
INFO: [ view_parse ] --START--
INFO: ParseTemplate Behavior ::run [ RunTime:0.009810s ]
INFO: [ view_parse ] --END-- [ RunTime:0.009922s ]
INFO: [ view_filter ] --START--
INFO: ContentReplace Behavior ::run [ RunTime:0.000297s ]
INFO: TokenBuild Behavior ::run [ RunTime:0.000178s ]
INFO: WriteHtmlCache Behavior ::run [ RunTime:0.000090s ]
INFO: ShowRuntime Behavior ::run [ RunTime:0.000190s ]
INFO: [ view_filter ] --END-- [ RunTime:0.000865s ]
INFO: [ view_end ] --START--
INFO: ShowPageTrace Behavior ::run [ RunTime:0.000457s ]
INFO: [ view_end ] --END-- [ RunTime:0.000539s ]

[ 2014-12-23T09:56:03+08:00 ] 192.168.85.189 /ecloud/control.php
INFO: [ app_begin ] --START--
INFO: ReadHtmlCache Behavior ::run [ RunTime:0.000317s ]
INFO: [ app_begin ] --END-- [ RunTime:0.000389s ]
NOTIC: [8] A session had already been started - ignoring session_start() /opt/lampp/htdocs/ecloud/ThinkPHP/Common/functions.php 第 566 行.
INFO: [ view_parse ] --START--
INFO: ParseTemplate Behavior ::run [ RunTime:0.004995s ]
INFO: [ view_parse ] --END-- [ RunTime:0.005063s ]
INFO: [ view_filter ] --START--
INFO: ContentReplace Behavior ::run [ RunTime:0.000242s ]
INFO: TokenBuild Behavior ::run [ RunTime:0.000247s ]
INFO: WriteHtmlCache Behavior ::run [ RunTime:0.000166s ]
INFO: ShowRuntime Behavior ::run [ RunTime:0.000286s ]
INFO: [ view_filter ] --END-- [ RunTime:0.001102s ]
INFO: [ view_end ] --START--
INFO: ShowPageTrace Behavior ::run [ RunTime:0.000305s ]
INFO: [ view_end ] --END-- [ RunTime:0.000340s ]

[ 2014-12-23T09:56:03+08:00 ] 192.168.85.189 /ecloud/control.php
INFO: [ app_begin ] --START--
INFO: ReadHtmlCache Behavior ::run [ RunTime:0.000337s ]
INFO: [ app_begin ] --END-- [ RunTime:0.000421s ]
NOTIC: [8] A session had already been started - ignoring session_start() /opt/lampp/htdocs/ecloud/ThinkPHP/Common/functions.php 第 566 行.
INFO: [ view_parse ] --START--
INFO: ParseTemplate Behavior ::run [ RunTime:0.010498s ]
INFO: [ view_parse ] --END-- [ RunTime:0.010702s ]
INFO: [ view_filter ] --START--
INFO: ContentReplace Behavior ::run [ RunTime:0.000288s ]
INFO: TokenBuild Behavior ::run [ RunTime:0.000234s ]
INFO: WriteHtmlCache Behavior ::run [ RunTime:0.000117s ]
INFO: ShowRuntime Behavior ::run [ RunTime:0.000271s ]
INFO: [ view_filter ] --END-- [ RunTime:0.001052s ]
INFO: [ view_end ] --START--
INFO: ShowPageTrace Behavior ::run [ RunTime:0.000386s ]
INFO: [ view_end ] --END-- [ RunTime:0.000436s ]

[ 2014-12-23T09:56:03+08:00 ] 192.168.85.189 /ecloud/control.php
INFO: [ app_begin ] --START--
INFO: ReadHtmlCache Behavior ::run [ RunTime:0.000282s ]
INFO: [ app_begin ] --END-- [ RunTime:0.000348s ]
NOTIC: [8] A session had already been started - ignoring session_start() /opt/lampp/htdocs/ecloud/ThinkPHP/Common/functions.php 第 566 行.
INFO: [ view_parse ] --START--
INFO: ParseTemplate Behavior ::run [ RunTime:0.006361s ]
INFO: [ view_parse ] --END-- [ RunTime:0.006467s ]
INFO: [ view_filter ] --START--
INFO: ContentReplace Behavior ::run [ RunTime:0.000239s ]
INFO: TokenBuild Behavior ::run [ RunTime:0.000208s ]
INFO: WriteHtmlCache Behavior ::run [ RunTime:0.000093s ]
INFO: ShowRuntime Behavior ::run [ RunTime:0.000184s ]
INFO: [ view_filter ] --END-- [ RunTime:0.000825s ]
INFO: [ view_end ] --START--
INFO: ShowPageTrace Behavior ::run [ RunTime:0.000302s ]
INFO: [ view_end ] --END-- [ RunTime:0.000352s ]

[ 2014-12-23T09:56:03+08:00 ] 192.168.85.189 /ecloud/control.php
INFO: [ app_begin ] --START--
INFO: ReadHtmlCache Behavior ::run [ RunTime:0.000227s ]
INFO: [ app_begin ] --END-- [ RunTime:0.000282s ]
NOTIC: [8] A session had already been started - ignoring session_start() /opt/lampp/htdocs/ecloud/ThinkPHP/Common/functions.php 第 566 行.
INFO: [ view_parse ] --START--
INFO: ParseTemplate Behavior ::run [ RunTime:0.004666s ]
INFO: [ view_parse ] --END-- [ RunTime:0.004724s ]
INFO: [ view_filter ] --START--
INFO: ContentReplace Behavior ::run [ RunTime:0.000175s ]
INFO: TokenBuild Behavior ::run [ RunTime:0.000137s ]
INFO: WriteHtmlCache Behavior ::run [ RunTime:0.000075s ]
INFO: ShowRuntime Behavior ::run [ RunTime:0.000187s ]
INFO: [ view_filter ] --END-- [ RunTime:0.000676s ]
INFO: [ view_end ] --START--
INFO: ShowPageTrace Behavior ::run [ RunTime:0.000242s ]
INFO: [ view_end ] --END-- [ RunTime:0.000270s ]

[ 2014-12-23T09:56:03+08:00 ] 192.168.85.189 /ecloud/control.php
INFO: [ app_begin ] --START--
INFO: ReadHtmlCache Behavior ::run [ RunTime:0.000387s ]
INFO: [ app_begin ] --END-- [ RunTime:0.000473s ]
NOTIC: [8] A session had already been started - ignoring session_start() /opt/lampp/htdocs/ecloud/ThinkPHP/Common/functions.php 第 566 行.
INFO: [ view_parse ] --START--
INFO: ParseTemplate Behavior ::run [ RunTime:0.005402s ]
INFO: [ view_parse ] --END-- [ RunTime:0.005477s ]
INFO: [ view_filter ] --START--
INFO: ContentReplace Behavior ::run [ RunTime:0.000206s ]
INFO: TokenBuild Behavior ::run [ RunTime:0.000164s ]
INFO: WriteHtmlCache Behavior ::run [ RunTime:0.000092s ]
INFO: ShowRuntime Behavior ::run [ RunTime:0.000314s ]
INFO: [ view_filter ] --END-- [ RunTime:0.000899s ]
INFO: [ view_end ] --START--
INFO: ShowPageTrace Behavior ::run [ RunTime:0.000563s ]
INFO: [ view_end ] --END-- [ RunTime:0.000634s ]

[ 2014-12-23T09:56:04+08:00 ] 192.168.85.189 /ecloud/control.php
INFO: [ app_begin ] --START--
INFO: ReadHtmlCache Behavior ::run [ RunTime:0.000487s ]
INFO: [ app_begin ] --END-- [ RunTime:0.000598s ]
NOTIC: [8] A session had already been started - ignoring session_start() /opt/lampp/htdocs/ecloud/ThinkPHP/Common/functions.php 第 566 行.
INFO: [ view_parse ] --START--
INFO: ParseTemplate Behavior ::run [ RunTime:0.006286s ]
INFO: [ view_parse ] --END-- [ RunTime:0.006380s ]
INFO: [ view_filter ] --START--
INFO: ContentReplace Behavior ::run [ RunTime:0.000184s ]
INFO: TokenBuild Behavior ::run [ RunTime:0.000159s ]
INFO: WriteHtmlCache Behavior ::run [ RunTime:0.000129s ]
INFO: ShowRuntime Behavior ::run [ RunTime:0.000279s ]
INFO: [ view_filter ] --END-- [ RunTime:0.000876s ]
INFO: [ view_end ] --START--
INFO: ShowPageTrace Behavior ::run [ RunTime:0.000325s ]
INFO: [ view_end ] --END-- [ RunTime:0.000366s ]

[ 2014-12-23T09:56:07+08:00 ] 192.168.85.189 /ecloud/control.php
INFO: [ app_begin ] --START--
INFO: ReadHtmlCache Behavior ::run [ RunTime:0.000305s ]
INFO: [ app_begin ] --END-- [ RunTime:0.000364s ]
NOTIC: [8] A session had already been started - ignoring session_start() /opt/lampp/htdocs/ecloud/ThinkPHP/Common/functions.php 第 566 行.
INFO: [ view_parse ] --START--
INFO: ParseTemplate Behavior ::run [ RunTime:0.007950s ]
INFO: [ view_parse ] --END-- [ RunTime:0.007998s ]
INFO: [ view_filter ] --START--
INFO: ContentReplace Behavior ::run [ RunTime:0.000146s ]
INFO: TokenBuild Behavior ::run [ RunTime:0.000130s ]
INFO: WriteHtmlCache Behavior ::run [ RunTime:0.000072s ]
INFO: ShowRuntime Behavior ::run [ RunTime:0.000155s ]
INFO: [ view_filter ] --END-- [ RunTime:0.000580s ]
INFO: [ view_end ] --START--
INFO: ShowPageTrace Behavior ::run [ RunTime:0.000227s ]
INFO: [ view_end ] --END-- [ RunTime:0.000255s ]

[ 2014-12-23T09:56:07+08:00 ] 192.168.85.189 /ecloud/control.php
INFO: [ app_begin ] --START--
INFO: ReadHtmlCache Behavior ::run [ RunTime:0.000200s ]
INFO: [ app_begin ] --END-- [ RunTime:0.000248s ]
NOTIC: [8] A session had already been started - ignoring session_start() /opt/lampp/htdocs/ecloud/ThinkPHP/Common/functions.php 第 566 行.
INFO: [ view_parse ] --START--
INFO: ParseTemplate Behavior ::run [ RunTime:0.004309s ]
INFO: [ view_parse ] --END-- [ RunTime:0.004352s ]
INFO: [ view_filter ] --START--
INFO: ContentReplace Behavior ::run [ RunTime:0.000150s ]
INFO: TokenBuild Behavior ::run [ RunTime:0.000129s ]
INFO: WriteHtmlCache Behavior ::run [ RunTime:0.000072s ]
INFO: ShowRuntime Behavior ::run [ RunTime:0.000154s ]
INFO: [ view_filter ] --END-- [ RunTime:0.000581s ]
INFO: [ view_end ] --START--
INFO: ShowPageTrace Behavior ::run [ RunTime:0.000228s ]
INFO: [ view_end ] --END-- [ RunTime:0.000255s ]

[ 2014-12-23T09:56:08+08:00 ] 192.168.85.189 /ecloud/control.php
INFO: [ app_begin ] --START--
INFO: ReadHtmlCache Behavior ::run [ RunTime:0.000223s ]
INFO: [ app_begin ] --END-- [ RunTime:0.000281s ]
NOTIC: [8] A session had already been started - ignoring session_start() /opt/lampp/htdocs/ecloud/ThinkPHP/Common/functions.php 第 566 行.
INFO: [ view_parse ] --START--
INFO: ParseTemplate Behavior ::run [ RunTime:0.006034s ]
INFO: [ view_parse ] --END-- [ RunTime:0.006120s ]
INFO: [ view_filter ] --START--
INFO: ContentReplace Behavior ::run [ RunTime:0.000244s ]
INFO: TokenBuild Behavior ::run [ RunTime:0.000132s ]
INFO: WriteHtmlCache Behavior ::run [ RunTime:0.000071s ]
INFO: ShowRuntime Behavior ::run [ RunTime:0.000155s ]
INFO: [ view_filter ] --END-- [ RunTime:0.000688s ]
INFO: [ view_end ] --START--
INFO: ShowPageTrace Behavior ::run [ RunTime:0.000228s ]
INFO: [ view_end ] --END-- [ RunTime:0.000254s ]

[ 2014-12-23T09:56:08+08:00 ] 192.168.85.189 /ecloud/control.php
INFO: [ app_begin ] --START--
INFO: ReadHtmlCache Behavior ::run [ RunTime:0.000225s ]
INFO: [ app_begin ] --END-- [ RunTime:0.000283s ]
NOTIC: [8] A session had already been started - ignoring session_start() /opt/lampp/htdocs/ecloud/ThinkPHP/Common/functions.php 第 566 行.
INFO: [ view_parse ] --START--
INFO: ParseTemplate Behavior ::run [ RunTime:0.006137s ]
INFO: [ view_parse ] --END-- [ RunTime:0.006224s ]
INFO: [ view_filter ] --START--
INFO: ContentReplace Behavior ::run [ RunTime:0.000267s ]
INFO: TokenBuild Behavior ::run [ RunTime:0.000259s ]
INFO: WriteHtmlCache Behavior ::run [ RunTime:0.000144s ]
INFO: ShowRuntime Behavior ::run [ RunTime:0.000310s ]
INFO: [ view_filter ] --END-- [ RunTime:0.001136s ]
INFO: [ view_end ] --START--
INFO: ShowPageTrace Behavior ::run [ RunTime:0.000455s ]
INFO: [ view_end ] --END-- [ RunTime:0.000509s ]

[ 2014-12-23T09:56:08+08:00 ] 192.168.85.189 /ecloud/control.php
INFO: [ app_begin ] --START--
INFO: ReadHtmlCache Behavior ::run [ RunTime:0.000336s ]
INFO: [ app_begin ] --END-- [ RunTime:0.000439s ]
NOTIC: [8] A session had already been started - ignoring session_start() /opt/lampp/htdocs/ecloud/ThinkPHP/Common/functions.php 第 566 行.
INFO: [ view_parse ] --START--
INFO: ParseTemplate Behavior ::run [ RunTime:0.005241s ]
INFO: [ view_parse ] --END-- [ RunTime:0.005312s ]
INFO: [ view_filter ] --START--
INFO: ContentReplace Behavior ::run [ RunTime:0.000215s ]
INFO: TokenBuild Behavior ::run [ RunTime:0.000169s ]
INFO: WriteHtmlCache Behavior ::run [ RunTime:0.000086s ]
INFO: ShowRuntime Behavior ::run [ RunTime:0.000183s ]
INFO: [ view_filter ] --END-- [ RunTime:0.000745s ]
INFO: [ view_end ] --START--
INFO: ShowPageTrace Behavior ::run [ RunTime:0.000293s ]
INFO: [ view_end ] --END-- [ RunTime:0.000327s ]

[ 2014-12-23T09:56:08+08:00 ] 192.168.85.189 /ecloud/control.php
INFO: [ app_begin ] --START--
INFO: ReadHtmlCache Behavior ::run [ RunTime:0.000328s ]
INFO: [ app_begin ] --END-- [ RunTime:0.000409s ]
NOTIC: [8] A session had already been started - ignoring session_start() /opt/lampp/htdocs/ecloud/ThinkPHP/Common/functions.php 第 566 行.
INFO: [ view_parse ] --START--
INFO: ParseTemplate Behavior ::run [ RunTime:0.004914s ]
INFO: [ view_parse ] --END-- [ RunTime:0.004979s ]
INFO: [ view_filter ] --START--
INFO: ContentReplace Behavior ::run [ RunTime:0.000182s ]
INFO: TokenBuild Behavior ::run [ RunTime:0.000165s ]
INFO: WriteHtmlCache Behavior ::run [ RunTime:0.000081s ]
INFO: ShowRuntime Behavior ::run [ RunTime:0.000178s ]
INFO: [ view_filter ] --END-- [ RunTime:0.000693s ]
INFO: [ view_end ] --START--
INFO: ShowPageTrace Behavior ::run [ RunTime:0.000277s ]
INFO: [ view_end ] --END-- [ RunTime:0.000308s ]

[ 2014-12-23T09:56:08+08:00 ] 192.168.85.189 /ecloud/control.php
INFO: [ app_begin ] --START--
INFO: ReadHtmlCache Behavior ::run [ RunTime:0.000221s ]
INFO: [ app_begin ] --END-- [ RunTime:0.000280s ]
NOTIC: [8] A session had already been started - ignoring session_start() /opt/lampp/htdocs/ecloud/ThinkPHP/Common/functions.php 第 566 行.
INFO: [ view_parse ] --START--
INFO: ParseTemplate Behavior ::run [ RunTime:0.004802s ]
INFO: [ view_parse ] --END-- [ RunTime:0.004865s ]
INFO: [ view_filter ] --START--
INFO: ContentReplace Behavior ::run [ RunTime:0.000139s ]
INFO: TokenBuild Behavior ::run [ RunTime:0.000129s ]
INFO: WriteHtmlCache Behavior ::run [ RunTime:0.000070s ]
INFO: ShowRuntime Behavior ::run [ RunTime:0.000154s ]
INFO: [ view_filter ] --END-- [ RunTime:0.000569s ]
INFO: [ view_end ] --START--
INFO: ShowPageTrace Behavior ::run [ RunTime:0.000228s ]
INFO: [ view_end ] --END-- [ RunTime:0.000255s ]

[ 2014-12-23T09:56:08+08:00 ] 192.168.85.189 /ecloud/control.php
INFO: [ app_begin ] --START--
INFO: ReadHtmlCache Behavior ::run [ RunTime:0.000425s ]
INFO: [ app_begin ] --END-- [ RunTime:0.000523s ]
NOTIC: [8] A session had already been started - ignoring session_start() /opt/lampp/htdocs/ecloud/ThinkPHP/Common/functions.php 第 566 行.
INFO: [ view_parse ] --START--
INFO: ParseTemplate Behavior ::run [ RunTime:0.008728s ]
INFO: [ view_parse ] --END-- [ RunTime:0.008825s ]
INFO: [ view_filter ] --START--
INFO: ContentReplace Behavior ::run [ RunTime:0.000290s ]
INFO: TokenBuild Behavior ::run [ RunTime:0.000244s ]
INFO: WriteHtmlCache Behavior ::run [ RunTime:0.000117s ]
INFO: ShowRuntime Behavior ::run [ RunTime:0.000276s ]
INFO: [ view_filter ] --END-- [ RunTime:0.001073s ]
INFO: [ view_end ] --START--
INFO: ShowPageTrace Behavior ::run [ RunTime:0.000397s ]
INFO: [ view_end ] --END-- [ RunTime:0.000455s ]

[ 2014-12-23T09:56:08+08:00 ] 192.168.85.189 /ecloud/control.php
INFO: [ app_begin ] --START--
INFO: ReadHtmlCache Behavior ::run [ RunTime:0.000237s ]
INFO: [ app_begin ] --END-- [ RunTime:0.000296s ]
NOTIC: [8] A session had already been started - ignoring session_start() /opt/lampp/htdocs/ecloud/ThinkPHP/Common/functions.php 第 566 行.
INFO: [ view_parse ] --START--
INFO: ParseTemplate Behavior ::run [ RunTime:0.005361s ]
INFO: [ view_parse ] --END-- [ RunTime:0.005417s ]
INFO: [ view_filter ] --START--
INFO: ContentReplace Behavior ::run [ RunTime:0.000166s ]
INFO: TokenBuild Behavior ::run [ RunTime:0.000138s ]
INFO: WriteHtmlCache Behavior ::run [ RunTime:0.000073s ]
INFO: ShowRuntime Behavior ::run [ RunTime:0.000166s ]
INFO: [ view_filter ] --END-- [ RunTime:0.000622s ]
INFO: [ view_end ] --START--
INFO: ShowPageTrace Behavior ::run [ RunTime:0.000237s ]
INFO: [ view_end ] --END-- [ RunTime:0.000266s ]

[ 2014-12-23T09:56:08+08:00 ] 192.168.85.189 /ecloud/control.php
INFO: [ app_begin ] --START--
INFO: ReadHtmlCache Behavior ::run [ RunTime:0.000212s ]
INFO: [ app_begin ] --END-- [ RunTime:0.000267s ]
NOTIC: [8] A session had already been started - ignoring session_start() /opt/lampp/htdocs/ecloud/ThinkPHP/Common/functions.php 第 566 行.
INFO: [ view_parse ] --START--
INFO: ParseTemplate Behavior ::run [ RunTime:0.005199s ]
INFO: [ view_parse ] --END-- [ RunTime:0.005250s ]
INFO: [ view_filter ] --START--
INFO: ContentReplace Behavior ::run [ RunTime:0.000166s ]
INFO: TokenBuild Behavior ::run [ RunTime:0.000134s ]
INFO: WriteHtmlCache Behavior ::run [ RunTime:0.000075s ]
INFO: ShowRuntime Behavior ::run [ RunTime:0.000160s ]
INFO: [ view_filter ] --END-- [ RunTime:0.000614s ]
INFO: [ view_end ] --START--
INFO: ShowPageTrace Behavior ::run [ RunTime:0.000378s ]
INFO: [ view_end ] --END-- [ RunTime:0.000429s ]

[ 2014-12-23T09:56:08+08:00 ] 192.168.85.189 /ecloud/control.php
INFO: [ app_begin ] --START--
INFO: ReadHtmlCache Behavior ::run [ RunTime:0.000239s ]
INFO: [ app_begin ] --END-- [ RunTime:0.000299s ]
NOTIC: [8] A session had already been started - ignoring session_start() /opt/lampp/htdocs/ecloud/ThinkPHP/Common/functions.php 第 566 行.
INFO: [ view_parse ] --START--
INFO: ParseTemplate Behavior ::run [ RunTime:0.004858s ]
INFO: [ view_parse ] --END-- [ RunTime:0.004914s ]
INFO: [ view_filter ] --START--
INFO: ContentReplace Behavior ::run [ RunTime:0.000177s ]
INFO: TokenBuild Behavior ::run [ RunTime:0.000142s ]
INFO: WriteHtmlCache Behavior ::run [ RunTime:0.000098s ]
INFO: ShowRuntime Behavior ::run [ RunTime:0.000166s ]
INFO: [ view_filter ] --END-- [ RunTime:0.000670s ]
INFO: [ view_end ] --START--
INFO: ShowPageTrace Behavior ::run [ RunTime:0.000233s ]
INFO: [ view_end ] --END-- [ RunTime:0.000260s ]

[ 2014-12-23T09:56:08+08:00 ] 192.168.85.189 /ecloud/control.php
INFO: [ app_begin ] --START--
INFO: ReadHtmlCache Behavior ::run [ RunTime:0.000923s ]
INFO: [ app_begin ] --END-- [ RunTime:0.001030s ]
NOTIC: [8] A session had already been started - ignoring session_start() /opt/lampp/htdocs/ecloud/ThinkPHP/Common/functions.php 第 566 行.
INFO: [ view_parse ] --START--
INFO: ParseTemplate Behavior ::run [ RunTime:0.007551s ]
INFO: [ view_parse ] --END-- [ RunTime:0.007634s ]
INFO: [ view_filter ] --START--
INFO: ContentReplace Behavior ::run [ RunTime:0.000243s ]
INFO: TokenBuild Behavior ::run [ RunTime:0.000212s ]
INFO: WriteHtmlCache Behavior ::run [ RunTime:0.000118s ]
INFO: ShowRuntime Behavior ::run [ RunTime:0.000259s ]
INFO: [ view_filter ] --END-- [ RunTime:0.000969s ]
INFO: [ view_end ] --START--
INFO: ShowPageTrace Behavior ::run [ RunTime:0.000381s ]
INFO: [ view_end ] --END-- [ RunTime:0.000430s ]

[ 2014-12-23T09:56:09+08:00 ] 192.168.85.189 /ecloud/control.php
INFO: [ app_begin ] --START--
INFO: ReadHtmlCache Behavior ::run [ RunTime:0.000249s ]
INFO: [ app_begin ] --END-- [ RunTime:0.000312s ]
NOTIC: [8] A session had already been started - ignoring session_start() /opt/lampp/htdocs/ecloud/ThinkPHP/Common/functions.php 第 566 行.
INFO: [ view_parse ] --START--
INFO: ParseTemplate Behavior ::run [ RunTime:0.004719s ]
INFO: [ view_parse ] --END-- [ RunTime:0.004778s ]
INFO: [ view_filter ] --START--
INFO: ContentReplace Behavior ::run [ RunTime:0.000175s ]
INFO: TokenBuild Behavior ::run [ RunTime:0.000159s ]
INFO: WriteHtmlCache Behavior ::run [ RunTime:0.000079s ]
INFO: ShowRuntime Behavior ::run [ RunTime:0.000166s ]
INFO: [ view_filter ] --END-- [ RunTime:0.000661s ]
INFO: [ view_end ] --START--
INFO: ShowPageTrace Behavior ::run [ RunTime:0.000254s ]
INFO: [ view_end ] --END-- [ RunTime:0.000284s ]

[ 2014-12-23T09:56:09+08:00 ] 192.168.85.189 /ecloud/control.php
INFO: [ app_begin ] --START--
INFO: ReadHtmlCache Behavior ::run [ RunTime:0.000212s ]
INFO: [ app_begin ] --END-- [ RunTime:0.000271s ]
NOTIC: [8] A session had already been started - ignoring session_start() /opt/lampp/htdocs/ecloud/ThinkPHP/Common/functions.php 第 566 行.
INFO: [ view_parse ] --START--
INFO: ParseTemplate Behavior ::run [ RunTime:0.005240s ]
INFO: [ view_parse ] --END-- [ RunTime:0.005308s ]
INFO: [ view_filter ] --START--
INFO: ContentReplace Behavior ::run [ RunTime:0.000176s ]
INFO: TokenBuild Behavior ::run [ RunTime:0.000143s ]
INFO: WriteHtmlCache Behavior ::run [ RunTime:0.000081s ]
INFO: ShowRuntime Behavior ::run [ RunTime:0.000165s ]
INFO: [ view_filter ] --END-- [ RunTime:0.000647s ]
INFO: [ view_end ] --START--
INFO: ShowPageTrace Behavior ::run [ RunTime:0.000272s ]
INFO: [ view_end ] --END-- [ RunTime:0.000305s ]

[ 2014-12-23T09:56:09+08:00 ] 192.168.85.189 /ecloud/control.php
INFO: [ app_begin ] --START--
INFO: ReadHtmlCache Behavior ::run [ RunTime:0.000455s ]
INFO: [ app_begin ] --END-- [ RunTime:0.000557s ]
NOTIC: [8] A session had already been started - ignoring session_start() /opt/lampp/htdocs/ecloud/ThinkPHP/Common/functions.php 第 566 行.
INFO: [ view_parse ] --START--
INFO: ParseTemplate Behavior ::run [ RunTime:0.005463s ]
INFO: [ view_parse ] --END-- [ RunTime:0.005523s ]
INFO: [ view_filter ] --START--
INFO: ContentReplace Behavior ::run [ RunTime:0.000170s ]
INFO: TokenBuild Behavior ::run [ RunTime:0.000146s ]
INFO: WriteHtmlCache Behavior ::run [ RunTime:0.000077s ]
INFO: ShowRuntime Behavior ::run [ RunTime:0.000164s ]
INFO: [ view_filter ] --END-- [ RunTime:0.000637s ]
INFO: [ view_end ] --START--
INFO: ShowPageTrace Behavior ::run [ RunTime:0.000253s ]
INFO: [ view_end ] --END-- [ RunTime:0.000284s ]

